This is pdfTeX, Version 3.14159265-2.6-1.40.21 (MiKTeX 20.11) (preloaded format=pdflatex 2020.11.3)  8 MAY 2021 16:54
entering extended mode
**./presentation.tex
(presentation.tex
LaTeX2e <2020-10-01> patch level 2
L3 programming layer <2020-10-27> xparse <2020-03-03>
("C:\Users\leona\AppData\Local\Programs\MiKTeX 2.9\tex/latex/beamer\beamer.cls"
Document Class: beamer 2020/07/22 v3.59 A class for typesetting presentations

("C:\Users\leona\AppData\Local\Programs\MiKTeX 2.9\tex/latex/beamer\beamerbasem
odes.sty"
("C:\Users\leona\AppData\Local\Programs\MiKTeX 2.9\tex/latex/etoolbox\etoolbox.
sty"
Package: etoolbox 2020/10/05 v2.5k e-TeX tools for LaTeX (JAW)
\etb@tempcnta=\count175
)
\beamer@tempbox=\box47
\beamer@tempcount=\count176
\c@beamerpauses=\count177

("C:\Users\leona\AppData\Local\Programs\MiKTeX 2.9\tex/latex/beamer\beamerbased
ecode.sty"
\beamer@slideinframe=\count178
\beamer@minimum=\count179
\beamer@decode@box=\box48
)
\beamer@commentbox=\box49
\beamer@modecount=\count180
)
("C:\Users\leona\AppData\Local\Programs\MiKTeX 2.9\tex/generic/iftex\ifpdf.sty"
Package: ifpdf 2019/10/25 v3.4 ifpdf legacy package. Use iftex instead.
("C:\Users\leona\AppData\Local\Programs\MiKTeX 2.9\tex/generic/iftex\iftex.sty"
Package: iftex 2020/03/06 v1.0d TeX engine tests
))
\headdp=\dimen138
\footheight=\dimen139
\sidebarheight=\dimen140
\beamer@tempdim=\dimen141
\beamer@finalheight=\dimen142
\beamer@animht=\dimen143
\beamer@animdp=\dimen144
\beamer@animwd=\dimen145
\beamer@leftmargin=\dimen146
\beamer@rightmargin=\dimen147
\beamer@leftsidebar=\dimen148
\beamer@rightsidebar=\dimen149
\beamer@boxsize=\dimen150
\beamer@vboxoffset=\dimen151
\beamer@descdefault=\dimen152
\beamer@descriptionwidth=\dimen153
\beamer@lastskip=\skip47
\beamer@areabox=\box50
\beamer@animcurrent=\box51
\beamer@animshowbox=\box52
\beamer@sectionbox=\box53
\beamer@logobox=\box54
\beamer@linebox=\box55
\beamer@sectioncount=\count181
\beamer@subsubsectionmax=\count182
\beamer@subsectionmax=\count183
\beamer@sectionmax=\count184
\beamer@totalheads=\count185
\beamer@headcounter=\count186
\beamer@partstartpage=\count187
\beamer@sectionstartpage=\count188
\beamer@subsectionstartpage=\count189
\beamer@animationtempa=\count190
\beamer@animationtempb=\count191
\beamer@xpos=\count192
\beamer@ypos=\count193
\beamer@ypos@offset=\count194
\beamer@showpartnumber=\count195
\beamer@currentsubsection=\count196
\beamer@coveringdepth=\count197
\beamer@sectionadjust=\count198
\beamer@tocsectionnumber=\count199

("C:\Users\leona\AppData\Local\Programs\MiKTeX 2.9\tex/latex/beamer\beamerbaseo
ptions.sty"
("C:\Users\leona\AppData\Local\Programs\MiKTeX 2.9\tex/latex/graphics\keyval.st
y"
Package: keyval 2014/10/28 v1.15 key=value parser (DPC)
\KV@toks@=\toks15
))
\beamer@paperwidth=\skip48
\beamer@paperheight=\skip49

("C:\Users\leona\AppData\Local\Programs\MiKTeX 2.9\tex/latex/geometry\geometry.
sty"
Package: geometry 2020/01/02 v5.9 Page Geometry

("C:\Users\leona\AppData\Local\Programs\MiKTeX 2.9\tex/generic/iftex\ifvtex.sty
"
Package: ifvtex 2019/10/25 v1.7 ifvtex legacy package. Use iftex instead.
)
\Gm@cnth=\count266
\Gm@cntv=\count267
\c@Gm@tempcnt=\count268
\Gm@bindingoffset=\dimen154
\Gm@wd@mp=\dimen155
\Gm@odd@mp=\dimen156
\Gm@even@mp=\dimen157
\Gm@layoutwidth=\dimen158
\Gm@layoutheight=\dimen159
\Gm@layouthoffset=\dimen160
\Gm@layoutvoffset=\dimen161
\Gm@dimlist=\toks16

("C:\Users\leona\AppData\Local\Programs\MiKTeX 2.9\tex/latex/geometry\geometry.
cfg"))
("C:\Users\leona\AppData\Local\Programs\MiKTeX 2.9\tex/latex/base\size11.clo"
File: size11.clo 2020/04/10 v1.4m Standard LaTeX file (size option)
)
("C:\Users\leona\AppData\Local\Programs\MiKTeX 2.9\tex/latex/pgf/basiclayer\pgf
core.sty"
("C:\Users\leona\AppData\Local\Programs\MiKTeX 2.9\tex/latex/graphics\graphicx.
sty"
Package: graphicx 2020/09/09 v1.2b Enhanced LaTeX Graphics (DPC,SPQR)

("C:\Users\leona\AppData\Local\Programs\MiKTeX 2.9\tex/latex/graphics\graphics.
sty"
Package: graphics 2020/08/30 v1.4c Standard LaTeX Graphics (DPC,SPQR)

("C:\Users\leona\AppData\Local\Programs\MiKTeX 2.9\tex/latex/graphics\trig.sty"
Package: trig 2016/01/03 v1.10 sin cos tan (DPC)
)
("C:\Users\leona\AppData\Local\Programs\MiKTeX 2.9\tex/latex/graphics-cfg\graph
ics.cfg"
File: graphics.cfg 2016/06/04 v1.11 sample graphics configuration
)
Package graphics Info: Driver file: pdftex.def on input line 105.

("C:\Users\leona\AppData\Local\Programs\MiKTeX 2.9\tex/latex/graphics-def\pdfte
x.def"
File: pdftex.def 2020/10/05 v1.2a Graphics/color driver for pdftex
))
\Gin@req@height=\dimen162
\Gin@req@width=\dimen163
)
("C:\Users\leona\AppData\Local\Programs\MiKTeX 2.9\tex/latex/pgf/systemlayer\pg
fsys.sty"
("C:\Users\leona\AppData\Local\Programs\MiKTeX 2.9\tex/latex/pgf/utilities\pgfr
cs.sty"
("C:\Users\leona\AppData\Local\Programs\MiKTeX 2.9\tex/generic/pgf/utilities\pg
futil-common.tex"
\pgfutil@everybye=\toks17
\pgfutil@tempdima=\dimen164
\pgfutil@tempdimb=\dimen165

("C:\Users\leona\AppData\Local\Programs\MiKTeX 2.9\tex/generic/pgf/utilities\pg
futil-common-lists.tex"))
("C:\Users\leona\AppData\Local\Programs\MiKTeX 2.9\tex/generic/pgf/utilities\pg
futil-latex.def"
\pgfutil@abb=\box56
)
("C:\Users\leona\AppData\Local\Programs\MiKTeX 2.9\tex/generic/pgf/utilities\pg
frcs.code.tex"
("C:\Users\leona\AppData\Local\Programs\MiKTeX 2.9\tex/generic/pgf\pgf.revision
.tex")
Package: pgfrcs 2020/10/01 v3.1.6a (3.1.6a)
))
("C:\Users\leona\AppData\Local\Programs\MiKTeX 2.9\tex/generic/pgf/systemlayer\
pgfsys.code.tex"
Package: pgfsys 2020/10/01 v3.1.6a (3.1.6a)

("C:\Users\leona\AppData\Local\Programs\MiKTeX 2.9\tex/generic/pgf/utilities\pg
fkeys.code.tex"
\pgfkeys@pathtoks=\toks18
\pgfkeys@temptoks=\toks19

("C:\Users\leona\AppData\Local\Programs\MiKTeX 2.9\tex/generic/pgf/utilities\pg
fkeysfiltered.code.tex"
\pgfkeys@tmptoks=\toks20
))
\pgf@x=\dimen166
\pgf@y=\dimen167
\pgf@xa=\dimen168
\pgf@ya=\dimen169
\pgf@xb=\dimen170
\pgf@yb=\dimen171
\pgf@xc=\dimen172
\pgf@yc=\dimen173
\pgf@xd=\dimen174
\pgf@yd=\dimen175
\w@pgf@writea=\write3
\r@pgf@reada=\read2
\c@pgf@counta=\count269
\c@pgf@countb=\count270
\c@pgf@countc=\count271
\c@pgf@countd=\count272
\t@pgf@toka=\toks21
\t@pgf@tokb=\toks22
\t@pgf@tokc=\toks23
\pgf@sys@id@count=\count273

("C:\Users\leona\AppData\Local\Programs\MiKTeX 2.9\tex/generic/pgf/systemlayer\
pgf.cfg"
File: pgf.cfg 2020/10/01 v3.1.6a (3.1.6a)
)
Driver file for pgf: pgfsys-pdftex.def

("C:\Users\leona\AppData\Local\Programs\MiKTeX 2.9\tex/generic/pgf/systemlayer\
pgfsys-pdftex.def"
File: pgfsys-pdftex.def 2020/10/01 v3.1.6a (3.1.6a)

("C:\Users\leona\AppData\Local\Programs\MiKTeX 2.9\tex/generic/pgf/systemlayer\
pgfsys-common-pdf.def"
File: pgfsys-common-pdf.def 2020/10/01 v3.1.6a (3.1.6a)
)))
("C:\Users\leona\AppData\Local\Programs\MiKTeX 2.9\tex/generic/pgf/systemlayer\
pgfsyssoftpath.code.tex"
File: pgfsyssoftpath.code.tex 2020/10/01 v3.1.6a (3.1.6a)
\pgfsyssoftpath@smallbuffer@items=\count274
\pgfsyssoftpath@bigbuffer@items=\count275
)
("C:\Users\leona\AppData\Local\Programs\MiKTeX 2.9\tex/generic/pgf/systemlayer\
pgfsysprotocol.code.tex"
File: pgfsysprotocol.code.tex 2020/10/01 v3.1.6a (3.1.6a)
))
("C:\Users\leona\AppData\Local\Programs\MiKTeX 2.9\tex/latex/xcolor\xcolor.sty"
Package: xcolor 2016/05/11 v2.12 LaTeX color extensions (UK)

("C:\Users\leona\AppData\Local\Programs\MiKTeX 2.9\tex/latex/graphics-cfg\color
.cfg"
File: color.cfg 2016/01/02 v1.6 sample color configuration
)
Package xcolor Info: Driver file: pdftex.def on input line 225.
Package xcolor Info: Model `cmy' substituted by `cmy0' on input line 1348.
Package xcolor Info: Model `hsb' substituted by `rgb' on input line 1352.
Package xcolor Info: Model `RGB' extended on input line 1364.
Package xcolor Info: Model `HTML' substituted by `rgb' on input line 1366.
Package xcolor Info: Model `Hsb' substituted by `hsb' on input line 1367.
Package xcolor Info: Model `tHsb' substituted by `hsb' on input line 1368.
Package xcolor Info: Model `HSB' substituted by `hsb' on input line 1369.
Package xcolor Info: Model `Gray' substituted by `gray' on input line 1370.
Package xcolor Info: Model `wave' substituted by `hsb' on input line 1371.

("C:\Users\leona\AppData\Local\Programs\MiKTeX 2.9\tex/latex/graphics\dvipsnam.
def"
File: dvipsnam.def 2016/06/17 v3.0m Driver-dependent file (DPC,SPQR)
))
("C:\Users\leona\AppData\Local\Programs\MiKTeX 2.9\tex/generic/pgf/basiclayer\p
gfcore.code.tex"
Package: pgfcore 2020/10/01 v3.1.6a (3.1.6a)

("C:\Users\leona\AppData\Local\Programs\MiKTeX 2.9\tex/generic/pgf/math\pgfmath
.code.tex"
("C:\Users\leona\AppData\Local\Programs\MiKTeX 2.9\tex/generic/pgf/math\pgfmath
calc.code.tex"
("C:\Users\leona\AppData\Local\Programs\MiKTeX 2.9\tex/generic/pgf/math\pgfmath
util.code.tex")
("C:\Users\leona\AppData\Local\Programs\MiKTeX 2.9\tex/generic/pgf/math\pgfmath
parser.code.tex"
\pgfmath@dimen=\dimen176
\pgfmath@count=\count276
\pgfmath@box=\box57
\pgfmath@toks=\toks24
\pgfmath@stack@operand=\toks25
\pgfmath@stack@operation=\toks26
)
("C:\Users\leona\AppData\Local\Programs\MiKTeX 2.9\tex/generic/pgf/math\pgfmath
functions.code.tex"
("C:\Users\leona\AppData\Local\Programs\MiKTeX 2.9\tex/generic/pgf/math\pgfmath
functions.basic.code.tex")
("C:\Users\leona\AppData\Local\Programs\MiKTeX 2.9\tex/generic/pgf/math\pgfmath
functions.trigonometric.code.tex")
("C:\Users\leona\AppData\Local\Programs\MiKTeX 2.9\tex/generic/pgf/math\pgfmath
functions.random.code.tex")
("C:\Users\leona\AppData\Local\Programs\MiKTeX 2.9\tex/generic/pgf/math\pgfmath
functions.comparison.code.tex")
("C:\Users\leona\AppData\Local\Programs\MiKTeX 2.9\tex/generic/pgf/math\pgfmath
functions.base.code.tex")
("C:\Users\leona\AppData\Local\Programs\MiKTeX 2.9\tex/generic/pgf/math\pgfmath
functions.round.code.tex")
("C:\Users\leona\AppData\Local\Programs\MiKTeX 2.9\tex/generic/pgf/math\pgfmath
functions.misc.code.tex")
("C:\Users\leona\AppData\Local\Programs\MiKTeX 2.9\tex/generic/pgf/math\pgfmath
functions.integerarithmetics.code.tex")))
("C:\Users\leona\AppData\Local\Programs\MiKTeX 2.9\tex/generic/pgf/math\pgfmath
float.code.tex"
\c@pgfmathroundto@lastzeros=\count277
))
("C:\Users\leona\AppData\Local\Programs\MiKTeX 2.9\tex/generic/pgf/math\pgfint.
code.tex")
("C:\Users\leona\AppData\Local\Programs\MiKTeX 2.9\tex/generic/pgf/basiclayer\p
gfcorepoints.code.tex"
File: pgfcorepoints.code.tex 2020/10/01 v3.1.6a (3.1.6a)
\pgf@picminx=\dimen177
\pgf@picmaxx=\dimen178
\pgf@picminy=\dimen179
\pgf@picmaxy=\dimen180
\pgf@pathminx=\dimen181
\pgf@pathmaxx=\dimen182
\pgf@pathminy=\dimen183
\pgf@pathmaxy=\dimen184
\pgf@xx=\dimen185
\pgf@xy=\dimen186
\pgf@yx=\dimen187
\pgf@yy=\dimen188
\pgf@zx=\dimen189
\pgf@zy=\dimen190
)
("C:\Users\leona\AppData\Local\Programs\MiKTeX 2.9\tex/generic/pgf/basiclayer\p
gfcorepathconstruct.code.tex"
File: pgfcorepathconstruct.code.tex 2020/10/01 v3.1.6a (3.1.6a)
\pgf@path@lastx=\dimen191
\pgf@path@lasty=\dimen192
)
("C:\Users\leona\AppData\Local\Programs\MiKTeX 2.9\tex/generic/pgf/basiclayer\p
gfcorepathusage.code.tex"
File: pgfcorepathusage.code.tex 2020/10/01 v3.1.6a (3.1.6a)
\pgf@shorten@end@additional=\dimen193
\pgf@shorten@start@additional=\dimen194
)
("C:\Users\leona\AppData\Local\Programs\MiKTeX 2.9\tex/generic/pgf/basiclayer\p
gfcorescopes.code.tex"
File: pgfcorescopes.code.tex 2020/10/01 v3.1.6a (3.1.6a)
\pgfpic=\box58
\pgf@hbox=\box59
\pgf@layerbox@main=\box60
\pgf@picture@serial@count=\count278
)
("C:\Users\leona\AppData\Local\Programs\MiKTeX 2.9\tex/generic/pgf/basiclayer\p
gfcoregraphicstate.code.tex"
File: pgfcoregraphicstate.code.tex 2020/10/01 v3.1.6a (3.1.6a)
\pgflinewidth=\dimen195
)
("C:\Users\leona\AppData\Local\Programs\MiKTeX 2.9\tex/generic/pgf/basiclayer\p
gfcoretransformations.code.tex"
File: pgfcoretransformations.code.tex 2020/10/01 v3.1.6a (3.1.6a)
\pgf@pt@x=\dimen196
\pgf@pt@y=\dimen197
\pgf@pt@temp=\dimen198
)
("C:\Users\leona\AppData\Local\Programs\MiKTeX 2.9\tex/generic/pgf/basiclayer\p
gfcorequick.code.tex"
File: pgfcorequick.code.tex 2020/10/01 v3.1.6a (3.1.6a)
)
("C:\Users\leona\AppData\Local\Programs\MiKTeX 2.9\tex/generic/pgf/basiclayer\p
gfcoreobjects.code.tex"
File: pgfcoreobjects.code.tex 2020/10/01 v3.1.6a (3.1.6a)
)
("C:\Users\leona\AppData\Local\Programs\MiKTeX 2.9\tex/generic/pgf/basiclayer\p
gfcorepathprocessing.code.tex"
File: pgfcorepathprocessing.code.tex 2020/10/01 v3.1.6a (3.1.6a)
)
("C:\Users\leona\AppData\Local\Programs\MiKTeX 2.9\tex/generic/pgf/basiclayer\p
gfcorearrows.code.tex"
File: pgfcorearrows.code.tex 2020/10/01 v3.1.6a (3.1.6a)
\pgfarrowsep=\dimen199
)
("C:\Users\leona\AppData\Local\Programs\MiKTeX 2.9\tex/generic/pgf/basiclayer\p
gfcoreshade.code.tex"
File: pgfcoreshade.code.tex 2020/10/01 v3.1.6a (3.1.6a)
\pgf@max=\dimen256
\pgf@sys@shading@range@num=\count279
\pgf@shadingcount=\count280
)
("C:\Users\leona\AppData\Local\Programs\MiKTeX 2.9\tex/generic/pgf/basiclayer\p
gfcoreimage.code.tex"
File: pgfcoreimage.code.tex 2020/10/01 v3.1.6a (3.1.6a)

("C:\Users\leona\AppData\Local\Programs\MiKTeX 2.9\tex/generic/pgf/basiclayer\p
gfcoreexternal.code.tex"
File: pgfcoreexternal.code.tex 2020/10/01 v3.1.6a (3.1.6a)
\pgfexternal@startupbox=\box61
))
("C:\Users\leona\AppData\Local\Programs\MiKTeX 2.9\tex/generic/pgf/basiclayer\p
gfcorelayers.code.tex"
File: pgfcorelayers.code.tex 2020/10/01 v3.1.6a (3.1.6a)
)
("C:\Users\leona\AppData\Local\Programs\MiKTeX 2.9\tex/generic/pgf/basiclayer\p
gfcoretransparency.code.tex"
File: pgfcoretransparency.code.tex 2020/10/01 v3.1.6a (3.1.6a)
)
("C:\Users\leona\AppData\Local\Programs\MiKTeX 2.9\tex/generic/pgf/basiclayer\p
gfcorepatterns.code.tex"
File: pgfcorepatterns.code.tex 2020/10/01 v3.1.6a (3.1.6a)
)
("C:\Users\leona\AppData\Local\Programs\MiKTeX 2.9\tex/generic/pgf/basiclayer\p
gfcorerdf.code.tex"
File: pgfcorerdf.code.tex 2020/10/01 v3.1.6a (3.1.6a)
)))
("C:\Users\leona\AppData\Local\Programs\MiKTeX 2.9\tex/latex/pgf/utilities\xxco
lor.sty"
Package: xxcolor 2003/10/24 ver 0.1
\XC@nummixins=\count281
\XC@countmixins=\count282
)
("C:\Users\leona\AppData\Local\Programs\MiKTeX 2.9\tex/latex/base\atbegshi-ltx.
sty"
Package: atbegshi-ltx 2020/08/17 v1.0a Emulation of the original atbegshi packa
ge
with kernel methods
)
("C:\Users\leona\AppData\Local\Programs\MiKTeX 2.9\tex/latex/hyperref\hyperref.
sty"
Package: hyperref 2020-05-15 v7.00e Hypertext links for LaTeX

("C:\Users\leona\AppData\Local\Programs\MiKTeX 2.9\tex/generic/ltxcmds\ltxcmds.
sty"
Package: ltxcmds 2020-05-10 v1.25 LaTeX kernel commands for general use (HO)
)
("C:\Users\leona\AppData\Local\Programs\MiKTeX 2.9\tex/generic/pdftexcmds\pdfte
xcmds.sty"
Package: pdftexcmds 2020-06-27 v0.33 Utility functions of pdfTeX for LuaTeX (HO
)

("C:\Users\leona\AppData\Local\Programs\MiKTeX 2.9\tex/generic/infwarerr\infwar
err.sty"
Package: infwarerr 2019/12/03 v1.5 Providing info/warning/error messages (HO)
)
Package pdftexcmds Info: \pdf@primitive is available.
Package pdftexcmds Info: \pdf@ifprimitive is available.
Package pdftexcmds Info: \pdfdraftmode found.
)
("C:\Users\leona\AppData\Local\Programs\MiKTeX 2.9\tex/generic/kvsetkeys\kvsetk
eys.sty"
Package: kvsetkeys 2019/12/15 v1.18 Key value parser (HO)
)
("C:\Users\leona\AppData\Local\Programs\MiKTeX 2.9\tex/generic/kvdefinekeys\kvd
efinekeys.sty"
Package: kvdefinekeys 2019-12-19 v1.6 Define keys (HO)
)
("C:\Users\leona\AppData\Local\Programs\MiKTeX 2.9\tex/generic/pdfescape\pdfesc
ape.sty"
Package: pdfescape 2019/12/09 v1.15 Implements pdfTeX's escape features (HO)
)
("C:\Users\leona\AppData\Local\Programs\MiKTeX 2.9\tex/latex/hycolor\hycolor.st
y"
Package: hycolor 2020-01-27 v1.10 Color options for hyperref/bookmark (HO)
)
("C:\Users\leona\AppData\Local\Programs\MiKTeX 2.9\tex/latex/letltxmacro\letltx
macro.sty"
Package: letltxmacro 2019/12/03 v1.6 Let assignment for LaTeX macros (HO)
)
("C:\Users\leona\AppData\Local\Programs\MiKTeX 2.9\tex/latex/auxhook\auxhook.st
y"
Package: auxhook 2019-12-17 v1.6 Hooks for auxiliary files (HO)
)
("C:\Users\leona\AppData\Local\Programs\MiKTeX 2.9\tex/latex/kvoptions\kvoption
s.sty"
Package: kvoptions 2019/11/29 v3.13 Key value format for package options (HO)
)
\@linkdim=\dimen257
\Hy@linkcounter=\count283
\Hy@pagecounter=\count284

("C:\Users\leona\AppData\Local\Programs\MiKTeX 2.9\tex/latex/hyperref\pd1enc.de
f"
File: pd1enc.def 2020-05-15 v7.00e Hyperref: PDFDocEncoding definition (HO)
Now handling font encoding PD1 ...
... no UTF-8 mapping file for font encoding PD1
)
("C:\Users\leona\AppData\Local\Programs\MiKTeX 2.9\tex/generic/intcalc\intcalc.
sty"
Package: intcalc 2019/12/15 v1.3 Expandable calculations with integers (HO)
)
("C:\Users\leona\AppData\Local\Programs\MiKTeX 2.9\tex/generic/etexcmds\etexcmd
s.sty"
Package: etexcmds 2019/12/15 v1.7 Avoid name clashes with e-TeX commands (HO)
)
\Hy@SavedSpaceFactor=\count285
Package hyperref Info: Option `bookmarks' set `true' on input line 4338.
Package hyperref Info: Option `bookmarksopen' set `true' on input line 4338.
Package hyperref Info: Option `implicit' set `false' on input line 4338.
Package hyperref Info: Hyper figures OFF on input line 4464.
Package hyperref Info: Link nesting OFF on input line 4469.
Package hyperref Info: Hyper index ON on input line 4472.
Package hyperref Info: Plain pages OFF on input line 4479.
Package hyperref Info: Backreferencing OFF on input line 4484.
Package hyperref Info: Implicit mode OFF; no redefinition of LaTeX internals.
Package hyperref Info: Bookmarks ON on input line 4717.
\c@Hy@tempcnt=\count286
 ("C:\Users\leona\AppData\Local\Programs\MiKTeX 2.9\tex/latex/url\url.sty"
\Urlmuskip=\muskip16
Package: url 2013/09/16  ver 3.4  Verb mode for urls, etc.
)
LaTeX Info: Redefining \url on input line 5076.
\XeTeXLinkMargin=\dimen258

("C:\Users\leona\AppData\Local\Programs\MiKTeX 2.9\tex/generic/bitset\bitset.st
y"
Package: bitset 2019/12/09 v1.3 Handle bit-vector datatype (HO)

("C:\Users\leona\AppData\Local\Programs\MiKTeX 2.9\tex/generic/bigintcalc\bigin
tcalc.sty"
Package: bigintcalc 2019/12/15 v1.5 Expandable calculations on big integers (HO
)
))
\Fld@menulength=\count287
\Field@Width=\dimen259
\Fld@charsize=\dimen260
Package hyperref Info: Hyper figures OFF on input line 6347.
Package hyperref Info: Link nesting OFF on input line 6352.
Package hyperref Info: Hyper index ON on input line 6355.
Package hyperref Info: backreferencing OFF on input line 6362.
Package hyperref Info: Link coloring OFF on input line 6367.
Package hyperref Info: Link coloring with OCG OFF on input line 6372.
Package hyperref Info: PDF/A mode OFF on input line 6377.
LaTeX Info: Redefining \ref on input line 6417.
LaTeX Info: Redefining \pageref on input line 6421.
\Hy@abspage=\count288


Package hyperref Message: Stopped early.

)
Package hyperref Info: Driver (autodetected): hpdftex.

("C:\Users\leona\AppData\Local\Programs\MiKTeX 2.9\tex/latex/hyperref\hpdftex.d
ef"
File: hpdftex.def 2020-05-15 v7.00e Hyperref driver for pdfTeX

("C:\Users\leona\AppData\Local\Programs\MiKTeX 2.9\tex/latex/base\atveryend-ltx
.sty"
Package: atveryend-ltx 2020/08/19 v1.0a Emulation of the original atvery packag
e
with kernel methods
)
\Fld@listcount=\count289
\c@bookmark@seq@number=\count290

("C:\Users\leona\AppData\Local\Programs\MiKTeX 2.9\tex/latex/rerunfilecheck\rer
unfilecheck.sty"
Package: rerunfilecheck 2019/12/05 v1.9 Rerun checks for auxiliary files (HO)

("C:\Users\leona\AppData\Local\Programs\MiKTeX 2.9\tex/generic/uniquecounter\un
iquecounter.sty"
Package: uniquecounter 2019/12/15 v1.4 Provide unlimited unique counter (HO)
)
Package uniquecounter Info: New unique counter `rerunfilecheck' on input line 2
86.
))
("C:\Users\leona\AppData\Local\Programs\MiKTeX 2.9\tex/latex/beamer\beamerbaser
equires.sty"
("C:\Users\leona\AppData\Local\Programs\MiKTeX 2.9\tex/latex/beamer\beamerbasec
ompatibility.sty")
("C:\Users\leona\AppData\Local\Programs\MiKTeX 2.9\tex/latex/beamer\beamerbasef
ont.sty"
("C:\Users\leona\AppData\Local\Programs\MiKTeX 2.9\tex/latex/amsfonts\amssymb.s
ty"
Package: amssymb 2013/01/14 v3.01 AMS font symbols

("C:\Users\leona\AppData\Local\Programs\MiKTeX 2.9\tex/latex/amsfonts\amsfonts.
sty"
Package: amsfonts 2013/01/14 v3.01 Basic AMSFonts support
\@emptytoks=\toks27
\symAMSa=\mathgroup4
\symAMSb=\mathgroup5
LaTeX Font Info:    Redeclaring math symbol \hbar on input line 98.
LaTeX Font Info:    Overwriting math alphabet `\mathfrak' in version `bold'
(Font)                  U/euf/m/n --> U/euf/b/n on input line 106.
))
("C:\Users\leona\AppData\Local\Programs\MiKTeX 2.9\tex/latex/sansmathaccent\san
smathaccent.sty"
Package: sansmathaccent 2020/01/31

("C:\Users\leona\AppData\Local\Programs\MiKTeX 2.9\tex/latex/koma-script\scrlfi
le.sty"
Package: scrlfile 2021/03/17 v3.33 KOMA-Script package (file load hooks)

("C:\Users\leona\AppData\Local\Programs\MiKTeX 2.9\tex/latex/koma-script\scrlfi
le-hook.sty"
Package: scrlfile-hook 2021/03/17 v3.33 KOMA-Script package (using LaTeX hooks)


LaTeX3 Info: Defining command \BeforeFile with sig. 'm' on line 61.


LaTeX3 Info: Defining command \AfterFile with sig. 'm' on line 65.


LaTeX3 Info: Defining command \BeforeClass with sig. 'm' on line 69.


LaTeX3 Info: Defining command \BeforePackage with sig. 'm' on line 73.


LaTeX3 Info: Defining command \AfterAtEndOfClass with sig. 'smo+m' on line 83.


LaTeX3 Info: Defining command \AfterAtEndOfPackage with sig. 'smo+m' on line
(LaTeX3)     93.


LaTeX3 Info: Defining command \scrlfile@AfterClass with sig. 'smo+m' on line
(LaTeX3)     173.


LaTeX3 Info: Defining command \AfterClass with sig. '' on line 174.


LaTeX3 Info: Defining command \scrlfile@AfterPackage with sig. 'smo+m' on line
(LaTeX3)     191.


LaTeX3 Info: Defining command \AfterPackage with sig. '' on line 192.


LaTeX3 Info: Defining command \ReplaceInput with sig. '' on line 193.


LaTeX3 Info: Defining command \ReplaceClass with sig. 'mm' on line 196.


LaTeX3 Info: Defining command \ReplacePackage with sig. 'mm' on line 199.


LaTeX3 Info: Defining command \UnReplaceInput with sig. '' on line 200.


LaTeX3 Info: Defining command \UnReplaceClass with sig. 'm' on line 203.


LaTeX3 Info: Defining command \UnReplacePackage with sig. 'mm' on line 206.


LaTeX3 Info: Defining command \PreventPackageFromLoading with sig. 's+om' on
(LaTeX3)     line 234.


LaTeX3 Info: Defining command \StorePreventPackageFromLoading with sig. 'm' on
(LaTeX3)     line 242.


LaTeX3 Info: Defining command \ResetPreventPackageFromLoading with sig. '' on
(LaTeX3)     line 247.


LaTeX3 Info: Defining command \UnPreventPackageFromLoading with sig. 'sm' on
(LaTeX3)     line 261.


LaTeX3 Info: Defining command \BeforeClosingMainAux with sig. 'om' on line
(LaTeX3)     274.


LaTeX3 Info: Defining command \AfterReadingMainAux with sig. 'om' on line 287.


LaTeX3 Info: Defining command \protected@immediate@write with sig. 'm+m+m' on
(LaTeX3)     line 298.


("C:\Users\leona\AppData\Local\Programs\MiKTeX 2.9\tex/latex/koma-script\scrlog
o.sty"
Package: scrlogo 2021/03/17 v3.33 KOMA-Script package (logo)
)))))
("C:\Users\leona\AppData\Local\Programs\MiKTeX 2.9\tex/latex/beamer\beamerbaset
ranslator.sty"
("C:\Users\leona\AppData\Local\Programs\MiKTeX 2.9\tex/latex/translator\transla
tor.sty"
Package: translator 2020-08-03 v1.12c Easy translation of strings in LaTeX
))
("C:\Users\leona\AppData\Local\Programs\MiKTeX 2.9\tex/latex/beamer\beamerbasem
isc.sty")
("C:\Users\leona\AppData\Local\Programs\MiKTeX 2.9\tex/latex/beamer\beamerbaset
woscreens.sty")
("C:\Users\leona\AppData\Local\Programs\MiKTeX 2.9\tex/latex/beamer\beamerbaseo
verlay.sty"
\beamer@argscount=\count291
\beamer@lastskipcover=\skip50
\beamer@trivlistdepth=\count292
)
("C:\Users\leona\AppData\Local\Programs\MiKTeX 2.9\tex/latex/beamer\beamerbaset
itle.sty")
("C:\Users\leona\AppData\Local\Programs\MiKTeX 2.9\tex/latex/beamer\beamerbases
ection.sty"
\c@lecture=\count293
\c@part=\count294
\c@section=\count295
\c@subsection=\count296
\c@subsubsection=\count297
)
("C:\Users\leona\AppData\Local\Programs\MiKTeX 2.9\tex/latex/beamer\beamerbasef
rame.sty"
\beamer@framebox=\box62
\beamer@frametitlebox=\box63
\beamer@zoombox=\box64
\beamer@zoomcount=\count298
\beamer@zoomframecount=\count299
\beamer@frametextheight=\dimen261
\c@subsectionslide=\count300
\beamer@frametopskip=\skip51
\beamer@framebottomskip=\skip52
\beamer@frametopskipautobreak=\skip53
\beamer@framebottomskipautobreak=\skip54
\beamer@envbody=\toks28
\framewidth=\dimen262
\c@framenumber=\count301
)
("C:\Users\leona\AppData\Local\Programs\MiKTeX 2.9\tex/latex/beamer\beamerbasev
erbatim.sty"
\beamer@verbatimfileout=\write4
)
("C:\Users\leona\AppData\Local\Programs\MiKTeX 2.9\tex/latex/beamer\beamerbasef
ramesize.sty"
\beamer@splitbox=\box65
\beamer@autobreakcount=\count302
\beamer@autobreaklastheight=\dimen263
\beamer@frametitletoks=\toks29
\beamer@framesubtitletoks=\toks30
)
("C:\Users\leona\AppData\Local\Programs\MiKTeX 2.9\tex/latex/beamer\beamerbasef
ramecomponents.sty"
\beamer@footins=\box66
)
("C:\Users\leona\AppData\Local\Programs\MiKTeX 2.9\tex/latex/beamer\beamerbasec
olor.sty")
("C:\Users\leona\AppData\Local\Programs\MiKTeX 2.9\tex/latex/beamer\beamerbasen
otes.sty"
\beamer@frameboxcopy=\box67
)
("C:\Users\leona\AppData\Local\Programs\MiKTeX 2.9\tex/latex/beamer\beamerbaset
oc.sty")
("C:\Users\leona\AppData\Local\Programs\MiKTeX 2.9\tex/latex/beamer\beamerbaset
emplates.sty"
\beamer@sbttoks=\toks31

("C:\Users\leona\AppData\Local\Programs\MiKTeX 2.9\tex/latex/beamer\beamerbasea
uxtemplates.sty"
("C:\Users\leona\AppData\Local\Programs\MiKTeX 2.9\tex/latex/beamer\beamerbaseb
oxes.sty"
\bmb@box=\box68
\bmb@colorbox=\box69
\bmb@boxshadow=\box70
\bmb@boxshadowball=\box71
\bmb@boxshadowballlarge=\box72
\bmb@temp=\dimen264
\bmb@dima=\dimen265
\bmb@dimb=\dimen266
\bmb@prevheight=\dimen267
)
\beamer@blockheadheight=\dimen268
))
("C:\Users\leona\AppData\Local\Programs\MiKTeX 2.9\tex/latex/beamer\beamerbasel
ocalstructure.sty"
("C:\Users\leona\AppData\Local\Programs\MiKTeX 2.9\tex/latex/tools\enumerate.st
y"
Package: enumerate 2015/07/23 v3.00 enumerate extensions (DPC)
\@enLab=\toks32
)
\c@figure=\count303
\c@table=\count304
\abovecaptionskip=\skip55
\belowcaptionskip=\skip56
)
("C:\Users\leona\AppData\Local\Programs\MiKTeX 2.9\tex/latex/beamer\beamerbasen
avigation.sty"
\beamer@section@min@dim=\dimen269
)
("C:\Users\leona\AppData\Local\Programs\MiKTeX 2.9\tex/latex/beamer\beamerbaset
heorems.sty"
("C:\Users\leona\AppData\Local\Programs\MiKTeX 2.9\tex/latex/amsmath\amsmath.st
y"
Package: amsmath 2020/09/23 v2.17i AMS math features
\@mathmargin=\skip57

For additional information on amsmath, use the `?' option.

("C:\Users\leona\AppData\Local\Programs\MiKTeX 2.9\tex/latex/amsmath\amstext.st
y"
Package: amstext 2000/06/29 v2.01 AMS text

("C:\Users\leona\AppData\Local\Programs\MiKTeX 2.9\tex/latex/amsmath\amsgen.sty
"
File: amsgen.sty 1999/11/30 v2.0 generic functions
\@emptytoks=\toks33
\ex@=\dimen270
))
("C:\Users\leona\AppData\Local\Programs\MiKTeX 2.9\tex/latex/amsmath\amsbsy.sty
"
Package: amsbsy 1999/11/29 v1.2d Bold Symbols
\pmbraise@=\dimen271
)
("C:\Users\leona\AppData\Local\Programs\MiKTeX 2.9\tex/latex/amsmath\amsopn.sty
"
Package: amsopn 2016/03/08 v2.02 operator names
)
\inf@bad=\count305
LaTeX Info: Redefining \frac on input line 234.
\uproot@=\count306
\leftroot@=\count307
LaTeX Info: Redefining \overline on input line 399.
\classnum@=\count308
\DOTSCASE@=\count309
LaTeX Info: Redefining \ldots on input line 496.
LaTeX Info: Redefining \dots on input line 499.
LaTeX Info: Redefining \cdots on input line 620.
\Mathstrutbox@=\box73
\strutbox@=\box74
\big@size=\dimen272
LaTeX Font Info:    Redeclaring font encoding OML on input line 743.
LaTeX Font Info:    Redeclaring font encoding OMS on input line 744.
\macc@depth=\count310
\c@MaxMatrixCols=\count311
\dotsspace@=\muskip17
\c@parentequation=\count312
\dspbrk@lvl=\count313
\tag@help=\toks34
\row@=\count314
\column@=\count315
\maxfields@=\count316
\andhelp@=\toks35
\eqnshift@=\dimen273
\alignsep@=\dimen274
\tagshift@=\dimen275
\tagwidth@=\dimen276
\totwidth@=\dimen277
\lineht@=\dimen278
\@envbody=\toks36
\multlinegap=\skip58
\multlinetaggap=\skip59
\mathdisplay@stack=\toks37
LaTeX Info: Redefining \[ on input line 2923.
LaTeX Info: Redefining \] on input line 2924.
)
("C:\Users\leona\AppData\Local\Programs\MiKTeX 2.9\tex/latex/amscls\amsthm.sty"
Package: amsthm 2020/05/29 v2.20.6
\thm@style=\toks38
\thm@bodyfont=\toks39
\thm@headfont=\toks40
\thm@notefont=\toks41
\thm@headpunct=\toks42
\thm@preskip=\skip60
\thm@postskip=\skip61
\thm@headsep=\skip62
\dth@everypar=\toks43
)
\c@theorem=\count317
)
("C:\Users\leona\AppData\Local\Programs\MiKTeX 2.9\tex/latex/beamer\beamerbaset
hemes.sty"))
("C:\Users\leona\AppData\Local\Programs\MiKTeX 2.9\tex/latex/beamer\beamertheme
default.sty"
("C:\Users\leona\AppData\Local\Programs\MiKTeX 2.9\tex/latex/beamer\beamerfontt
hemedefault.sty")
("C:\Users\leona\AppData\Local\Programs\MiKTeX 2.9\tex/latex/beamer\beamercolor
themedefault.sty")
("C:\Users\leona\AppData\Local\Programs\MiKTeX 2.9\tex/latex/beamer\beamerinner
themedefault.sty"
\beamer@dima=\dimen279
\beamer@dimb=\dimen280
)
("C:\Users\leona\AppData\Local\Programs\MiKTeX 2.9\tex/latex/beamer\beamerouter
themedefault.sty")))
("C:\Users\leona\AppData\Local\Programs\MiKTeX 2.9\tex/latex/framed\framed.sty"
Package: framed 2011/10/22 v 0.96: framed or shaded text with page breaks
\OuterFrameSep=\skip63
\fb@frw=\dimen281
\fb@frh=\dimen282
\FrameRule=\dimen283
\FrameSep=\dimen284
) ("C:\Users\leona\AppData\Local\Programs\MiKTeX 2.9\tex/latex/base\alltt.sty"
Package: alltt 1997/06/16 v2.0g defines alltt environment
) ("C:\Users\leona\AppData\Local\Programs\MiKTeX 2.9\tex/generic/babel\babel.st
y"
Package: babel 2020/10/27 3.51 The Babel package
 ("C:\Users\leona\AppData\Local\Programs\MiKTeX 2.9\tex/generic/babel\babel.def
"
File: babel.def 2020/10/27 3.51 Babel common definitions
\babel@savecnt=\count318
\U@D=\dimen285
\l@babelnohyphens=\language83

("C:\Users\leona\AppData\Local\Programs\MiKTeX 2.9\tex/generic/babel\txtbabel.d
ef")
\bbl@readstream=\read3
)
LaTeX Info: Redefining \textlatin on input line 707.
\bbl@dirlevel=\count319

*************************************
* Local config file bblopts.cfg used
*
("C:\Users\leona\AppData\Local\Programs\MiKTeX 2.9\tex/latex/arabi\bblopts.cfg"
File: bblopts.cfg 2005/09/08 v0.1 add Arabic and Farsi to "declared" options of
 babel
)
("C:\Users\leona\AppData\Local\Programs\MiKTeX 2.9\tex/latex/babel-italian\ital
ian.ldf"
Language: italian 2020/05/21 v.1.4.04 Italian support for the babel system
\it@lettering=\count320
\it@doublequoteactive=\count321
\it@ISOcompliance=\count322
))
("C:\Users\leona\AppData\Local\Programs\MiKTeX 2.9\tex/latex/base\inputenc.sty"
Package: inputenc 2020/08/01 v1.3d Input encoding file
\inpenc@prehook=\toks44
\inpenc@posthook=\toks45
) ("C:\Users\leona\AppData\Local\Programs\MiKTeX 2.9\tex/latex/base\fontenc.sty
"
Package: fontenc 2020/08/10 v2.0s Standard LaTeX package
)
("C:\Users\leona\AppData\Local\Programs\MiKTeX 2.9\tex/latex/multirow\multirow.
sty"
Package: multirow 2019/05/31 v2.5 Span multiple rows of a table
\multirow@colwidth=\skip64
\multirow@cntb=\count323
\multirow@dima=\skip65
\bigstrutjot=\dimen286
)
("C:\Users\leona\AppData\Local\Programs\MiKTeX 2.9\tex/latex/fontawesome\fontaw
esome.sty"
Package: fontawesome 2016/05/15 v4.6.3.1 font awesome icons

("C:\Users\leona\AppData\Local\Programs\MiKTeX 2.9\tex/generic/iftex\ifxetex.st
y"
Package: ifxetex 2019/10/25 v0.7 ifxetex legacy package. Use iftex instead.
)
("C:\Users\leona\AppData\Local\Programs\MiKTeX 2.9\tex/generic/iftex\ifluatex.s
ty"
Package: ifluatex 2019/10/25 v1.5 ifluatex legacy package. Use iftex instead.
)
("C:\Users\leona\AppData\Local\Programs\MiKTeX 2.9\tex/latex/fontawesome\fontaw
esomesymbols-generic.tex")
("C:\Users\leona\AppData\Local\Programs\MiKTeX 2.9\tex/latex/fontawesome\fontaw
esomesymbols-pdftex.tex"))
("C:\Users\leona\AppData\Local\Programs\MiKTeX 2.9\tex/latex/caption\caption.st
y"
Package: caption 2020/10/26 v3.5g Customizing captions (AR)

("C:\Users\leona\AppData\Local\Programs\MiKTeX 2.9\tex/latex/caption\caption3.s
ty"
Package: caption3 2020/10/21 v2.2e caption3 kernel (AR)
\captionmargin=\dimen287
\captionmargin@=\dimen288
\captionwidth=\dimen289
\caption@tempdima=\dimen290
\caption@indent=\dimen291
\caption@parindent=\dimen292
\caption@hangindent=\dimen293
Package caption Info: beamer document class detected.

("C:\Users\leona\AppData\Local\Programs\MiKTeX 2.9\tex/latex/caption\caption-be
amer.sto"
File: caption-beamer.sto 2020/08/22 v2.0 Adaption of the caption package to the
 beamer document classes (AR)
))
\c@caption@flags=\count324
\c@continuedfloat=\count325
Package caption Info: hyperref package is loaded.
Package caption Info: Hyperref support is turned off
(caption)             because hyperref has stopped early.
)
("C:\Users\leona\AppData\Local\Programs\MiKTeX 2.9\tex/latex/caption\subcaption
.sty"
Package: subcaption 2020/10/07 v1.3j Sub-captions (AR)
\c@subfigure=\count326
\c@subtable=\count327
)
("C:\Users\leona\AppData\Local\Programs\MiKTeX 2.9\tex/latex/booktabs\booktabs.
sty"
Package: booktabs 2020/01/12 v1.61803398 Publication quality tables
\heavyrulewidth=\dimen294
\lightrulewidth=\dimen295
\cmidrulewidth=\dimen296
\belowrulesep=\dimen297
\belowbottomsep=\dimen298
\aboverulesep=\dimen299
\abovetopsep=\dimen300
\cmidrulesep=\dimen301
\cmidrulekern=\dimen302
\defaultaddspace=\dimen303
\@cmidla=\count328
\@cmidlb=\count329
\@aboverulesep=\dimen304
\@belowrulesep=\dimen305
\@thisruleclass=\count330
\@lastruleclass=\count331
\@thisrulewidth=\dimen306
) ("C:\Users\leona\AppData\Local\Programs\MiKTeX 2.9\tex/latex/tabu\tabu.sty"
Package: tabu 2019/01/11 v2.9 - flexible LaTeX tabulars (FC+tabu-fixed)
 ("C:\Users\leona\AppData\Local\Programs\MiKTeX 2.9\tex/latex/tools\array.sty"
Package: array 2019/08/31 v2.4l Tabular extension package (FMi)
\col@sep=\dimen307
\ar@mcellbox=\box75
\extrarowheight=\dimen308
\NC@list=\toks46
\extratabsurround=\skip66
\backup@length=\skip67
\ar@cellbox=\box76
)
("C:\Users\leona\AppData\Local\Programs\MiKTeX 2.9\tex/latex/varwidth\varwidth.
sty"
Package: varwidth 2009/03/30 ver 0.92;  Variable-width minipages
\@vwid@box=\box77
\sift@deathcycles=\count332
\@vwid@loff=\dimen309
\@vwid@roff=\dimen310
)
\c@taburow=\count333
\tabu@nbcols=\count334
\tabu@cnt=\count335
\tabu@Xcol=\count336
\tabu@alloc=\count337
\tabu@nested=\count338
\tabu@target=\dimen311
\tabu@spreadtarget=\dimen312
\tabu@naturalX=\dimen313
\tabucolX=\dimen314
\tabu@Xsum=\dimen315
\extrarowdepth=\dimen316
\abovetabulinesep=\dimen317
\belowtabulinesep=\dimen318
\tabustrutrule=\dimen319
\tabu@thebody=\toks47
\tabu@footnotes=\toks48
\tabu@box=\box78
\tabu@arstrutbox=\box79
\tabu@hleads=\box80
\tabu@vleads=\box81
\tabu@cellskip=\skip68
)
("C:\Users\leona\AppData\Local\Programs\MiKTeX 2.9\tex/latex/makecell\makecell.
sty"
Package: makecell 2009/08/03 V0.1e Managing of Tab Column Heads and Cells
\rotheadsize=\dimen320
\c@nlinenum=\count339
\TeXr@lab=\toks49
)
("C:\Users\leona\AppData\Local\Programs\MiKTeX 2.9\tex/latex/pgf/frontendlayer\
tikz.sty"
("C:\Users\leona\AppData\Local\Programs\MiKTeX 2.9\tex/latex/pgf/basiclayer\pgf
.sty"
Package: pgf 2020/10/01 v3.1.6a (3.1.6a)

("C:\Users\leona\AppData\Local\Programs\MiKTeX 2.9\tex/generic/pgf/modules\pgfm
oduleshapes.code.tex"
File: pgfmoduleshapes.code.tex 2020/10/01 v3.1.6a (3.1.6a)
\pgfnodeparttextbox=\box82
)
("C:\Users\leona\AppData\Local\Programs\MiKTeX 2.9\tex/generic/pgf/modules\pgfm
oduleplot.code.tex"
File: pgfmoduleplot.code.tex 2020/10/01 v3.1.6a (3.1.6a)
)
("C:\Users\leona\AppData\Local\Programs\MiKTeX 2.9\tex/latex/pgf/compatibility\
pgfcomp-version-0-65.sty"
Package: pgfcomp-version-0-65 2020/10/01 v3.1.6a (3.1.6a)
\pgf@nodesepstart=\dimen321
\pgf@nodesepend=\dimen322
)
("C:\Users\leona\AppData\Local\Programs\MiKTeX 2.9\tex/latex/pgf/compatibility\
pgfcomp-version-1-18.sty"
Package: pgfcomp-version-1-18 2020/10/01 v3.1.6a (3.1.6a)
))
("C:\Users\leona\AppData\Local\Programs\MiKTeX 2.9\tex/latex/pgf/utilities\pgff
or.sty"
("C:\Users\leona\AppData\Local\Programs\MiKTeX 2.9\tex/latex/pgf/utilities\pgfk
eys.sty"
("C:\Users\leona\AppData\Local\Programs\MiKTeX 2.9\tex/generic/pgf/utilities\pg
fkeys.code.tex"))
("C:\Users\leona\AppData\Local\Programs\MiKTeX 2.9\tex/latex/pgf/math\pgfmath.s
ty"
("C:\Users\leona\AppData\Local\Programs\MiKTeX 2.9\tex/generic/pgf/math\pgfmath
.code.tex"))
("C:\Users\leona\AppData\Local\Programs\MiKTeX 2.9\tex/generic/pgf/utilities\pg
ffor.code.tex"
Package: pgffor 2020/10/01 v3.1.6a (3.1.6a)

("C:\Users\leona\AppData\Local\Programs\MiKTeX 2.9\tex/generic/pgf/math\pgfmath
.code.tex")
\pgffor@iter=\dimen323
\pgffor@skip=\dimen324
\pgffor@stack=\toks50
\pgffor@toks=\toks51
))
("C:\Users\leona\AppData\Local\Programs\MiKTeX 2.9\tex/generic/pgf/frontendlaye
r/tikz\tikz.code.tex"
Package: tikz 2020/10/01 v3.1.6a (3.1.6a)

("C:\Users\leona\AppData\Local\Programs\MiKTeX 2.9\tex/generic/pgf/libraries\pg
flibraryplothandlers.code.tex"
File: pgflibraryplothandlers.code.tex 2020/10/01 v3.1.6a (3.1.6a)
\pgf@plot@mark@count=\count340
\pgfplotmarksize=\dimen325
)
\tikz@lastx=\dimen326
\tikz@lasty=\dimen327
\tikz@lastxsaved=\dimen328
\tikz@lastysaved=\dimen329
\tikz@lastmovetox=\dimen330
\tikz@lastmovetoy=\dimen331
\tikzleveldistance=\dimen332
\tikzsiblingdistance=\dimen333
\tikz@figbox=\box83
\tikz@figbox@bg=\box84
\tikz@tempbox=\box85
\tikz@tempbox@bg=\box86
\tikztreelevel=\count341
\tikznumberofchildren=\count342
\tikznumberofcurrentchild=\count343
\tikz@fig@count=\count344

("C:\Users\leona\AppData\Local\Programs\MiKTeX 2.9\tex/generic/pgf/modules\pgfm
odulematrix.code.tex"
File: pgfmodulematrix.code.tex 2020/10/01 v3.1.6a (3.1.6a)
\pgfmatrixcurrentrow=\count345
\pgfmatrixcurrentcolumn=\count346
\pgf@matrix@numberofcolumns=\count347
)
\tikz@expandcount=\count348

("C:\Users\leona\AppData\Local\Programs\MiKTeX 2.9\tex/generic/pgf/frontendlaye
r/tikz/libraries\tikzlibrarytopaths.code.tex"
File: tikzlibrarytopaths.code.tex 2020/10/01 v3.1.6a (3.1.6a)
)))
("C:\Users\leona\AppData\Local\Programs\MiKTeX 2.9\tex/generic/pgf/frontendlaye
r/tikz/libraries\tikzlibraryshapes.code.tex"
File: tikzlibraryshapes.code.tex 2020/10/01 v3.1.6a (3.1.6a)

("C:\Users\leona\AppData\Local\Programs\MiKTeX 2.9\tex/generic/pgf/frontendlaye
r/tikz/libraries\tikzlibraryshapes.geometric.code.tex"
File: tikzlibraryshapes.geometric.code.tex 2020/10/01 v3.1.6a (3.1.6a)

("C:\Users\leona\AppData\Local\Programs\MiKTeX 2.9\tex/generic/pgf/libraries/sh
apes\pgflibraryshapes.geometric.code.tex"
File: pgflibraryshapes.geometric.code.tex 2020/10/01 v3.1.6a (3.1.6a)
))
("C:\Users\leona\AppData\Local\Programs\MiKTeX 2.9\tex/generic/pgf/frontendlaye
r/tikz/libraries\tikzlibraryshapes.misc.code.tex"
File: tikzlibraryshapes.misc.code.tex 2020/10/01 v3.1.6a (3.1.6a)

("C:\Users\leona\AppData\Local\Programs\MiKTeX 2.9\tex/generic/pgf/libraries/sh
apes\pgflibraryshapes.misc.code.tex"
File: pgflibraryshapes.misc.code.tex 2020/10/01 v3.1.6a (3.1.6a)
))
("C:\Users\leona\AppData\Local\Programs\MiKTeX 2.9\tex/generic/pgf/frontendlaye
r/tikz/libraries\tikzlibraryshapes.symbols.code.tex"
File: tikzlibraryshapes.symbols.code.tex 2020/10/01 v3.1.6a (3.1.6a)

("C:\Users\leona\AppData\Local\Programs\MiKTeX 2.9\tex/generic/pgf/libraries/sh
apes\pgflibraryshapes.symbols.code.tex"
File: pgflibraryshapes.symbols.code.tex 2020/10/01 v3.1.6a (3.1.6a)
))
("C:\Users\leona\AppData\Local\Programs\MiKTeX 2.9\tex/generic/pgf/frontendlaye
r/tikz/libraries\tikzlibraryshapes.arrows.code.tex"
File: tikzlibraryshapes.arrows.code.tex 2020/10/01 v3.1.6a (3.1.6a)

("C:\Users\leona\AppData\Local\Programs\MiKTeX 2.9\tex/generic/pgf/libraries/sh
apes\pgflibraryshapes.arrows.code.tex"
File: pgflibraryshapes.arrows.code.tex 2020/10/01 v3.1.6a (3.1.6a)
))
("C:\Users\leona\AppData\Local\Programs\MiKTeX 2.9\tex/generic/pgf/frontendlaye
r/tikz/libraries\tikzlibraryshapes.callouts.code.tex"
("C:\Users\leona\AppData\Local\Programs\MiKTeX 2.9\tex/generic/pgf/libraries/sh
apes\pgflibraryshapes.callouts.code.tex"))
("C:\Users\leona\AppData\Local\Programs\MiKTeX 2.9\tex/generic/pgf/frontendlaye
r/tikz/libraries\tikzlibraryshapes.multipart.code.tex"
File: tikzlibraryshapes.multipart.code.tex 2020/10/01 v3.1.6a (3.1.6a)

("C:\Users\leona\AppData\Local\Programs\MiKTeX 2.9\tex/generic/pgf/libraries/sh
apes\pgflibraryshapes.multipart.code.tex"
File: pgflibraryshapes.multipart.code.tex 2020/10/01 v3.1.6a (3.1.6a)
\pgfnodepartlowerbox=\box87
\pgfnodeparttwobox=\box88
\pgfnodepartthreebox=\box89
\pgfnodepartfourbox=\box90
\pgfnodeparttwentybox=\box91
\pgfnodepartnineteenbox=\box92
\pgfnodeparteighteenbox=\box93
\pgfnodepartseventeenbox=\box94
\pgfnodepartsixteenbox=\box95
\pgfnodepartfifteenbox=\box96
\pgfnodepartfourteenbox=\box97
\pgfnodepartthirteenbox=\box98
\pgfnodeparttwelvebox=\box99
\pgfnodepartelevenbox=\box100
\pgfnodeparttenbox=\box101
\pgfnodepartninebox=\box102
\pgfnodeparteightbox=\box103
\pgfnodepartsevenbox=\box104
\pgfnodepartsixbox=\box105
\pgfnodepartfivebox=\box106
)))
("C:\Users\leona\AppData\Local\Programs\MiKTeX 2.9\tex/generic/pgf/frontendlaye
r/tikz/libraries\tikzlibrarydecorations.pathreplacing.code.tex"
("C:\Users\leona\AppData\Local\Programs\MiKTeX 2.9\tex/generic/pgf/frontendlaye
r/tikz/libraries\tikzlibrarydecorations.code.tex"
("C:\Users\leona\AppData\Local\Programs\MiKTeX 2.9\tex/generic/pgf/modules\pgfm
oduledecorations.code.tex"
\pgfdecoratedcompleteddistance=\dimen334
\pgfdecoratedremainingdistance=\dimen335
\pgfdecoratedinputsegmentcompleteddistance=\dimen336
\pgfdecoratedinputsegmentremainingdistance=\dimen337
\pgf@decorate@distancetomove=\dimen338
\pgf@decorate@repeatstate=\count349
\pgfdecorationsegmentamplitude=\dimen339
\pgfdecorationsegmentlength=\dimen340
)
\tikz@lib@dec@box=\box107
)
("C:\Users\leona\AppData\Local\Programs\MiKTeX 2.9\tex/generic/pgf/libraries/de
corations\pgflibrarydecorations.pathreplacing.code.tex"))
("C:\Users\leona\AppData\Local\Programs\MiKTeX 2.9\tex/generic/pgf/frontendlaye
r/tikz/libraries\tikzlibrarypositioning.code.tex"
File: tikzlibrarypositioning.code.tex 2020/10/01 v3.1.6a (3.1.6a)
)
("C:\Users\leona\AppData\Local\Programs\MiKTeX 2.9\tex/generic/pgf/libraries\pg
flibraryarrows.meta.code.tex"
File: pgflibraryarrows.meta.code.tex 2020/10/01 v3.1.6a (3.1.6a)
\pgfarrowinset=\dimen341
\pgfarrowlength=\dimen342
\pgfarrowwidth=\dimen343
\pgfarrowlinewidth=\dimen344
)
("C:\Users\leona\AppData\Local\Programs\MiKTeX 2.9\tex/latex/pgfplots\pgfplots.
sty"
("C:\Users\leona\AppData\Local\Programs\MiKTeX 2.9\tex/generic/pgfplots\pgfplot
s.revision.tex")
Package: pgfplots 2020/02/29 v1.17 Data Visualization (1.17)

("C:\Users\leona\AppData\Local\Programs\MiKTeX 2.9\tex/generic/pgfplots\pgfplot
s.code.tex"
("C:\Users\leona\AppData\Local\Programs\MiKTeX 2.9\tex/generic/pgfplots\pgfplot
score.code.tex"
\t@pgfplots@toka=\toks52
\t@pgfplots@tokb=\toks53
\t@pgfplots@tokc=\toks54
\pgfplots@tmpa=\dimen345
\c@pgfplots@coordindex=\count350
\c@pgfplots@scanlineindex=\count351

("C:\Users\leona\AppData\Local\Programs\MiKTeX 2.9\tex/generic/pgfplots/sys\pgf
plotssysgeneric.code.tex"))
("C:\Users\leona\AppData\Local\Programs\MiKTeX 2.9\tex/generic/pgfplots/libs\pg
fplotslibrary.code.tex")
("C:\Users\leona\AppData\Local\Programs\MiKTeX 2.9\tex/generic/pgfplots/oldpgfc
ompatib\pgfplotsoldpgfsupp_loader.code.tex"
("C:\Users\leona\AppData\Local\Programs\MiKTeX 2.9\tex/generic/pgf/libraries\pg
flibraryfpu.code.tex"))
("C:\Users\leona\AppData\Local\Programs\MiKTeX 2.9\tex/generic/pgfplots/util\pg
fplotsutil.code.tex"
("C:\Users\leona\AppData\Local\Programs\MiKTeX 2.9\tex/generic/pgfplots/liststr
ucture\pgfplotsliststructure.code.tex")
("C:\Users\leona\AppData\Local\Programs\MiKTeX 2.9\tex/generic/pgfplots/liststr
ucture\pgfplotsliststructureext.code.tex")
("C:\Users\leona\AppData\Local\Programs\MiKTeX 2.9\tex/generic/pgfplots/liststr
ucture\pgfplotsarray.code.tex"
\c@pgfplotsarray@tmp=\count352
)
("C:\Users\leona\AppData\Local\Programs\MiKTeX 2.9\tex/generic/pgfplots/liststr
ucture\pgfplotsmatrix.code.tex")
("C:\Users\leona\AppData\Local\Programs\MiKTeX 2.9\tex/generic/pgfplots/numtabl
e\pgfplotstableshared.code.tex"
\c@pgfplotstable@counta=\count353
\t@pgfplotstable@a=\toks55
)
("C:\Users\leona\AppData\Local\Programs\MiKTeX 2.9\tex/generic/pgfplots/liststr
ucture\pgfplotsdeque.code.tex")
("C:\Users\leona\AppData\Local\Programs\MiKTeX 2.9\tex/generic/pgfplots/util\pg
fplotsbinary.code.tex"
("C:\Users\leona\AppData\Local\Programs\MiKTeX 2.9\tex/generic/pgfplots/util\pg
fplotsbinary.data.code.tex"))
("C:\Users\leona\AppData\Local\Programs\MiKTeX 2.9\tex/generic/pgfplots/util\pg
fplotsutil.verb.code.tex")
("C:\Users\leona\AppData\Local\Programs\MiKTeX 2.9\tex/generic/pgfplots/libs\pg
flibrarypgfplots.surfshading.code.tex"
\c@pgfplotslibrarysurf@no=\count354

("C:\Users\leona\AppData\Local\Programs\MiKTeX 2.9\tex/generic/pgfplots/sys\pgf
librarypgfplots.surfshading.pgfsys-pdftex.def")))
("C:\Users\leona\AppData\Local\Programs\MiKTeX 2.9\tex/generic/pgfplots/util\pg
fplotscolormap.code.tex"
("C:\Users\leona\AppData\Local\Programs\MiKTeX 2.9\tex/generic/pgfplots/util\pg
fplotscolor.code.tex"))
("C:\Users\leona\AppData\Local\Programs\MiKTeX 2.9\tex/generic/pgfplots\pgfplot
sstackedplots.code.tex")
("C:\Users\leona\AppData\Local\Programs\MiKTeX 2.9\tex/generic/pgfplots\pgfplot
splothandlers.code.tex"
("C:\Users\leona\AppData\Local\Programs\MiKTeX 2.9\tex/generic/pgfplots\pgfplot
smeshplothandler.code.tex"
("C:\Users\leona\AppData\Local\Programs\MiKTeX 2.9\tex/generic/pgfplots\pgfplot
smeshplotimage.code.tex")))
("C:\Users\leona\AppData\Local\Programs\MiKTeX 2.9\tex/generic/pgfplots\pgfplot
s.scaling.code.tex")
("C:\Users\leona\AppData\Local\Programs\MiKTeX 2.9\tex/generic/pgfplots\pgfplot
scoordprocessing.code.tex")
("C:\Users\leona\AppData\Local\Programs\MiKTeX 2.9\tex/generic/pgfplots\pgfplot
s.errorbars.code.tex")
("C:\Users\leona\AppData\Local\Programs\MiKTeX 2.9\tex/generic/pgfplots\pgfplot
s.markers.code.tex")
("C:\Users\leona\AppData\Local\Programs\MiKTeX 2.9\tex/generic/pgfplots\pgfplot
sticks.code.tex")
("C:\Users\leona\AppData\Local\Programs\MiKTeX 2.9\tex/generic/pgfplots\pgfplot
s.paths.code.tex")
("C:\Users\leona\AppData\Local\Programs\MiKTeX 2.9\tex/generic/pgf/frontendlaye
r/tikz/libraries\tikzlibrarydecorations.pathmorphing.code.tex"
("C:\Users\leona\AppData\Local\Programs\MiKTeX 2.9\tex/generic/pgf/libraries/de
corations\pgflibrarydecorations.pathmorphing.code.tex"))
\pgfplots@numplots=\count355
\pgfplots@xmin@reg=\dimen346
\pgfplots@xmax@reg=\dimen347
\pgfplots@ymin@reg=\dimen348
\pgfplots@ymax@reg=\dimen349
\pgfplots@zmin@reg=\dimen350
\pgfplots@zmax@reg=\dimen351
)
("C:\Users\leona\AppData\Local\Programs\MiKTeX 2.9\tex/generic/pgf/frontendlaye
r/tikz/libraries\tikzlibraryplotmarks.code.tex"
File: tikzlibraryplotmarks.code.tex 2020/10/01 v3.1.6a (3.1.6a)

("C:\Users\leona\AppData\Local\Programs\MiKTeX 2.9\tex/generic/pgf/libraries\pg
flibraryplotmarks.code.tex"
File: pgflibraryplotmarks.code.tex 2020/10/01 v3.1.6a (3.1.6a)
)))
("C:\Users\leona\AppData\Local\Programs\MiKTeX 2.9\tex/latex/siunitx\siunitx.st
y"
("C:\Users\leona\AppData\Local\Programs\MiKTeX 2.9\tex/latex/l3kernel\expl3.sty
"
Package: expl3 2020-10-27 L3 programming layer (loader) 

("C:\Users\leona\AppData\Local\Programs\MiKTeX 2.9\tex/latex/l3backend\l3backen
d-pdftex.def"
File: l3backend-pdftex.def 2020-09-24 L3 backend support: PDF output (pdfTeX)
\l__kernel_color_stack_int=\count356
\l__pdf_internal_box=\box108
))
("C:\Users\leona\AppData\Local\Programs\MiKTeX 2.9\tex/latex/l3packages/xparse\
xparse.sty"
Package: xparse 2020-10-27 L3 Experimental document command parser

("C:\Users\leona\AppData\Local\Programs\MiKTeX 2.9\tex/latex/l3packages/xparse\
xparse-generic.tex"))
Package: siunitx 2020/02/25 v2.8b A comprehensive (SI) units package

("C:\Users\leona\AppData\Local\Programs\MiKTeX 2.9\tex/latex/l3packages/l3keys2
e\l3keys2e.sty"
Package: l3keys2e 2020-10-27 LaTeX2e option processing using LaTeX3 keys
)
\l__siunitx_tmp_box=\box109
\l__siunitx_tmp_dim=\dimen352
\l__siunitx_tmp_int=\count357
\l__siunitx_number_mantissa_length_int=\count358
\l__siunitx_number_uncert_length_int=\count359
\l__siunitx_round_int=\count360
\l__siunitx_process_decimal_int=\count361
\l__siunitx_process_uncertainty_int=\count362
\l__siunitx_process_fixed_int=\count363
\l__siunitx_process_integer_min_int=\count364
\l__siunitx_process_precision_int=\count365
\l__siunitx_group_min_int=\count366
\l__siunitx_angle_marker_box=\box110
\l__siunitx_angle_unit_box=\box111
\l__siunitx_angle_marker_dim=\dimen353
\l__siunitx_angle_unit_dim=\dimen354
\l__siunitx_unit_int=\count367
\l__siunitx_unit_denominator_int=\count368
\l__siunitx_unit_numerator_int=\count369
\l__siunitx_unit_prefix_int=\count370
\l__siunitx_unit_prefix_base_int=\count371
\l__siunitx_unit_prefix_gram_int=\count372
\l__siunitx_number_product_int=\count373
\c__siunitx_one_fill_skip=\skip69
\l__siunitx_table_unit_align_skip=\skip70
\l__siunitx_table_exponent_dim=\dimen355
\l__siunitx_table_integer_dim=\dimen356
\l__siunitx_table_mantissa_dim=\dimen357
\l__siunitx_table_marker_dim=\dimen358
\l__siunitx_table_result_dim=\dimen359
\l__siunitx_table_uncert_dim=\dimen360
\l__siunitx_table_fill_pre_dim=\dimen361
\l__siunitx_table_fill_post_dim=\dimen362
\l__siunitx_table_fill_mid_dim=\dimen363
\l__siunitx_table_pre_box=\box112
\l__siunitx_table_post_box=\box113
\l__siunitx_table_mantissa_box=\box114
\l__siunitx_table_result_box=\box115
\l__siunitx_table_number_align_skip=\skip71
\l__siunitx_table_text_align_skip=\skip72
)
("C:\Users\leona\AppData\Local\Programs\MiKTeX 2.9\tex/latex/adjustbox\adjustbo
x.sty"
Package: adjustbox 2020/08/19 v1.3 Adjusting TeX boxes (trim, clip, ...)

("C:\Users\leona\AppData\Local\Programs\MiKTeX 2.9\tex/latex/xkeyval\xkeyval.st
y"
Package: xkeyval 2014/12/03 v2.7a package option processing (HA)

("C:\Users\leona\AppData\Local\Programs\MiKTeX 2.9\tex/generic/xkeyval\xkeyval.
tex"
("C:\Users\leona\AppData\Local\Programs\MiKTeX 2.9\tex/generic/xkeyval\xkvutils
.tex"
\XKV@toks=\toks56
\XKV@tempa@toks=\toks57
)
\XKV@depth=\count374
File: xkeyval.tex 2014/12/03 v2.7a key=value parser (HA)
))
("C:\Users\leona\AppData\Local\Programs\MiKTeX 2.9\tex/latex/adjustbox\adjcalc.
sty"
Package: adjcalc 2012/05/16 v1.1 Provides advanced setlength with multiple back
-ends (calc, etex, pgfmath)
)
("C:\Users\leona\AppData\Local\Programs\MiKTeX 2.9\tex/latex/adjustbox\trimclip
.sty"
Package: trimclip 2020/08/19 v1.2 Trim and clip general TeX material

("C:\Users\leona\AppData\Local\Programs\MiKTeX 2.9\tex/latex/collectbox\collect
box.sty"
Package: collectbox 2012/05/17 v0.4b Collect macro arguments as boxes
\collectedbox=\box116
)
\tc@llx=\dimen364
\tc@lly=\dimen365
\tc@urx=\dimen366
\tc@ury=\dimen367
Package trimclip Info: Using driver 'tc-pdftex.def'.

("C:\Users\leona\AppData\Local\Programs\MiKTeX 2.9\tex/latex/adjustbox\tc-pdfte
x.def"
File: tc-pdftex.def 2019/01/04 v2.2 Clipping driver for pdftex
))
\adjbox@Width=\dimen368
\adjbox@Height=\dimen369
\adjbox@Depth=\dimen370
\adjbox@Totalheight=\dimen371
\adjbox@pwidth=\dimen372
\adjbox@pheight=\dimen373
\adjbox@pdepth=\dimen374
\adjbox@ptotalheight=\dimen375

("C:\Users\leona\AppData\Local\Programs\MiKTeX 2.9\tex/latex/ifoddpage\ifoddpag
e.sty"
Package: ifoddpage 2016/04/23 v1.1 Conditionals for odd/even page detection
\c@checkoddpage=\count375
))
("C:\Users\leona\AppData\Local\Programs\MiKTeX 2.9\tex/generic/pgfplots/libs\ti
kzlibrarypgfplots.units.code.tex")
("C:\Users\leona\AppData\Local\Programs\MiKTeX 2.9\tex/latex/beamer\beamertheme
Pittsburgh.sty"
("C:\Users\leona\AppData\Local\Programs\MiKTeX 2.9\tex/latex/beamer\beamerinner
themecircles.sty"))
("C:\Users\leona\AppData\Local\Programs\MiKTeX 2.9\tex/latex/beamer\beamercolor
themeseahorse.sty")
("C:\Users\leona\AppData\Local\Programs\MiKTeX 2.9\tex/latex/beamer\beamercolor
themestructure.sty")
("C:\Users\leona\AppData\Local\Programs\MiKTeX 2.9\tex/latex/beamer\beamerfontt
hemeprofessionalfonts.sty")
\c@definizione=\count376

("C:\Users\leona\AppData\Local\Programs\MiKTeX 2.9\tex/latex/upquote\upquote.st
y"
Package: upquote 2012/04/19 v1.3 upright-quote and grave-accent glyphs in verba
tim

("C:\Users\leona\AppData\Local\Programs\MiKTeX 2.9\tex/latex/base\textcomp.sty"
Package: textcomp 2020/02/02 v2.0n Standard LaTeX package
)) (presentation.aux)
\openout1 = `presentation.aux'.

LaTeX Font Info:    Checking defaults for OML/cmm/m/it on input line 197.
LaTeX Font Info:    ... okay on input line 197.
LaTeX Font Info:    Checking defaults for OMS/cmsy/m/n on input line 197.
LaTeX Font Info:    ... okay on input line 197.
LaTeX Font Info:    Checking defaults for OT1/cmr/m/n on input line 197.
LaTeX Font Info:    ... okay on input line 197.
LaTeX Font Info:    Checking defaults for T1/cmr/m/n on input line 197.
LaTeX Font Info:    ... okay on input line 197.
LaTeX Font Info:    Checking defaults for TS1/cmr/m/n on input line 197.
LaTeX Font Info:    ... okay on input line 197.
LaTeX Font Info:    Checking defaults for OMX/cmex/m/n on input line 197.
LaTeX Font Info:    ... okay on input line 197.
LaTeX Font Info:    Checking defaults for U/cmr/m/n on input line 197.
LaTeX Font Info:    ... okay on input line 197.
LaTeX Font Info:    Checking defaults for PD1/pdf/m/n on input line 197.
LaTeX Font Info:    ... okay on input line 197.

*geometry* driver: auto-detecting
*geometry* detected driver: pdftex
*geometry* verbose mode - [ preamble ] result:
* driver: pdftex
* paper: custom
* layout: <same size as paper>
* layoutoffset:(h,v)=(0.0pt,0.0pt)
* modes: includehead includefoot 
* h-part:(L,W,R)=(42.67912pt, 369.88583pt, 42.67912pt)
* v-part:(T,H,B)=(0.0pt, 256.0748pt, 0.0pt)
* \paperwidth=455.24408pt
* \paperheight=256.0748pt
* \textwidth=369.88583pt
* \textheight=227.62207pt
* \oddsidemargin=-29.59087pt
* \evensidemargin=-29.59087pt
* \topmargin=-72.26999pt
* \headheight=14.22636pt
* \headsep=0.0pt
* \topskip=11.0pt
* \footskip=14.22636pt
* \marginparwidth=4.0pt
* \marginparsep=10.0pt
* \columnsep=10.0pt
* \skip\footins=10.0pt plus 4.0pt minus 2.0pt
* \hoffset=0.0pt
* \voffset=0.0pt
* \mag=1000
* \@twocolumnfalse
* \@twosidefalse
* \@mparswitchfalse
* \@reversemarginfalse
* (1in=72.27pt=25.4mm, 1cm=28.453pt)


("C:\Users\leona\AppData\Local\Programs\MiKTeX 2.9\tex/context/base/mkii\supp-p
df.mkii"
[Loading MPS to PDF converter (version 2006.09.02).]
\scratchcounter=\count377
\scratchdimen=\dimen376
\scratchbox=\box117
\nofMPsegments=\count378
\nofMParguments=\count379
\everyMPshowfont=\toks58
\MPscratchCnt=\count380
\MPscratchDim=\dimen377
\MPnumerator=\count381
\makeMPintoPDFobject=\count382
\everyMPtoPDFconversion=\toks59
)
("C:\Users\leona\AppData\Local\Programs\MiKTeX 2.9\tex/latex/epstopdf-pkg\epsto
pdf-base.sty"
Package: epstopdf-base 2020-01-24 v2.11 Base part for package epstopdf
Package epstopdf-base Info: Redefining graphics rule for `.eps' on input line 4
85.
)
Package hyperref Info: Link coloring OFF on input line 197.

("C:\Users\leona\AppData\Local\Programs\MiKTeX 2.9\tex/latex/hyperref\nameref.s
ty"
Package: nameref 2019/09/16 v2.46 Cross-referencing by name of section

("C:\Users\leona\AppData\Local\Programs\MiKTeX 2.9\tex/latex/refcount\refcount.
sty"
Package: refcount 2019/12/15 v3.6 Data extraction from label references (HO)
)
("C:\Users\leona\AppData\Local\Programs\MiKTeX 2.9\tex/generic/gettitlestring\g
ettitlestring.sty"
Package: gettitlestring 2019/12/15 v1.6 Cleanup title references (HO)
)
\c@section@level=\count383
)
LaTeX Info: Redefining \ref on input line 197.
LaTeX Info: Redefining \pageref on input line 197.
LaTeX Info: Redefining \nameref on input line 197.
 (presentation.out) (presentation.out)
\@outlinefile=\write5
\openout5 = `presentation.out'.


("C:\Users\leona\AppData\Local\Programs\MiKTeX 2.9\tex/latex/translator\transla
tor-basic-dictionary-English.dict"
Dictionary: translator-basic-dictionary, Language: English 
)
("C:\Users\leona\AppData\Local\Programs\MiKTeX 2.9\tex/latex/translator\transla
tor-bibliography-dictionary-English.dict"
Dictionary: translator-bibliography-dictionary, Language: English 
)
("C:\Users\leona\AppData\Local\Programs\MiKTeX 2.9\tex/latex/translator\transla
tor-environment-dictionary-English.dict"
Dictionary: translator-environment-dictionary, Language: English 
)
("C:\Users\leona\AppData\Local\Programs\MiKTeX 2.9\tex/latex/translator\transla
tor-months-dictionary-English.dict"
Dictionary: translator-months-dictionary, Language: English 
)
("C:\Users\leona\AppData\Local\Programs\MiKTeX 2.9\tex/latex/translator\transla
tor-numbers-dictionary-English.dict"
Dictionary: translator-numbers-dictionary, Language: English 
)
("C:\Users\leona\AppData\Local\Programs\MiKTeX 2.9\tex/latex/translator\transla
tor-theorem-dictionary-English.dict"
Dictionary: translator-theorem-dictionary, Language: English 
)
LaTeX Info: Redefining \it@ocap on input line 197.
LaTeX Info: Redefining \it@ccap on input line 197.
Package caption Info: Begin \AtBeginDocument code.
Package caption Info: End \AtBeginDocument code.

Package pgfplots notification 'compat/show suggested version=true': you might b
enefit from \pgfplotsset{compat=1.17} (current compat level: 1.9).


("C:\Users\leona\AppData\Local\Programs\MiKTeX 2.9\tex/latex/siunitx\siunitx-ab
breviations.cfg"
File: siunitx-abbreviations.cfg 2017/11/26 v2.7k siunitx: Abbreviated units
) (presentation.nav)
LaTeX Font Info:    Trying to load font information for U+msa on input line 197
.

("C:\Users\leona\AppData\Local\Programs\MiKTeX 2.9\tex/latex/amsfonts\umsa.fd"
File: umsa.fd 2013/01/14 v3.01 AMS symbols A
)
LaTeX Font Info:    Trying to load font information for U+msb on input line 197
.
("C:\Users\leona\AppData\Local\Programs\MiKTeX 2.9\tex/latex/amsfonts\umsb.fd"
File: umsb.fd 2013/01/14 v3.01 AMS symbols B
)
<figures/university-logo.png, id=48, 82.6287pt x 82.6287pt>
File: figures/university-logo.png Graphic file (type png)
<use figures/university-logo.png>
Package pdftex.def Info: figures/university-logo.png  used on input line 203.
(pdftex.def)             Requested size: 28.4527pt x 28.4527pt.
[1

{C:/Users/leona/AppData/Local/MiKTeX/2.9/pdftex/config/pdftex.map} <./figures/u
niversity-logo.png>] (presentation.toc)
File: figures/university-logo.png Graphic file (type png)
<use figures/university-logo.png>
Package pdftex.def Info: figures/university-logo.png  used on input line 217.
(pdftex.def)             Requested size: 28.4527pt x 28.4527pt.
 [2

] (presentation.toc)
File: figures/university-logo.png Graphic file (type png)
<use figures/university-logo.png>
Package pdftex.def Info: figures/university-logo.png  used on input line 225.
(pdftex.def)             Requested size: 28.4527pt x 28.4527pt.
 [3

]
File: figures/university-logo.png Graphic file (type png)
<use figures/university-logo.png>
Package pdftex.def Info: figures/university-logo.png  used on input line 241.
(pdftex.def)             Requested size: 28.4527pt x 28.4527pt.
 [4

]
Missing character: There is no ; in font nullfont!
File: figures/university-logo.png Graphic file (type png)
<use figures/university-logo.png>
Package pdftex.def Info: figures/university-logo.png  used on input line 343.
(pdftex.def)             Requested size: 28.4527pt x 28.4527pt.

[5

]
Missing character: There is no ; in font nullfont!
File: figures/university-logo.png Graphic file (type png)
<use figures/university-logo.png>
Package pdftex.def Info: figures/university-logo.png  used on input line 343.
(pdftex.def)             Requested size: 28.4527pt x 28.4527pt.
 [6

]
Missing character: There is no ; in font nullfont!
File: figures/university-logo.png Graphic file (type png)
<use figures/university-logo.png>
Package pdftex.def Info: figures/university-logo.png  used on input line 343.
(pdftex.def)             Requested size: 28.4527pt x 28.4527pt.
 [7

]
File: figures/university-logo.png Graphic file (type png)
<use figures/university-logo.png>
Package pdftex.def Info: figures/university-logo.png  used on input line 401.
(pdftex.def)             Requested size: 28.4527pt x 28.4527pt.
 [8

]
File: figures/university-logo.png Graphic file (type png)
<use figures/university-logo.png>
Package pdftex.def Info: figures/university-logo.png  used on input line 401.
(pdftex.def)             Requested size: 28.4527pt x 28.4527pt.
 [9

]
<_bookdown_files/_main_files/figure-latex/plot-poisson-1.pdf, id=144, 433.62pt 
x 289.08pt>
File: _bookdown_files/_main_files/figure-latex/plot-poisson-1.pdf Graphic file 
(type pdf)
<use _bookdown_files/_main_files/figure-latex/plot-poisson-1.pdf>
Package pdftex.def Info: _bookdown_files/_main_files/figure-latex/plot-poisson-
1.pdf  used on input line 445.
(pdftex.def)             Requested size: 170.71652pt x 113.8126pt.

Overfull \hbox (4.26903pt too wide) in paragraph at lines 445--445
 [] 
 []

<_bookdown_files/_main_files/figure-latex/plot-gamma-1.pdf, id=145, 433.62pt x 
289.08pt>
File: _bookdown_files/_main_files/figure-latex/plot-gamma-1.pdf Graphic file (t
ype pdf)
<use _bookdown_files/_main_files/figure-latex/plot-gamma-1.pdf>
Package pdftex.def Info: _bookdown_files/_main_files/figure-latex/plot-gamma-1.
pdf  used on input line 445.
(pdftex.def)             Requested size: 170.71652pt x 113.8126pt.

Overfull \hbox (4.26903pt too wide) in paragraph at lines 445--445
 [] 
 []


Overfull \vbox (1.4248pt too high) detected at line 445
 []

File: figures/university-logo.png Graphic file (type png)
<use figures/university-logo.png>
Package pdftex.def Info: figures/university-logo.png  used on input line 445.
(pdftex.def)             Requested size: 28.4527pt x 28.4527pt.
[10

 <./_bookdown_files/_main_files/figure-latex/plot-poisson-1.pdf> <./_bookdown_f
iles/_main_files/figure-latex/plot-gamma-1.pdf>]
Overfull \hbox (66.35223pt too wide) in paragraph at lines 504--504
[][]  
 []

File: figures/university-logo.png Graphic file (type png)
<use figures/university-logo.png>
Package pdftex.def Info: figures/university-logo.png  used on input line 504.
(pdftex.def)             Requested size: 28.4527pt x 28.4527pt.
[11

]
Overfull \hbox (66.35223pt too wide) in paragraph at lines 504--504
[][]  
 []

File: figures/university-logo.png Graphic file (type png)
<use figures/university-logo.png>
Package pdftex.def Info: figures/university-logo.png  used on input line 504.
(pdftex.def)             Requested size: 28.4527pt x 28.4527pt.
[12

] (presentation.toc)
File: figures/university-logo.png Graphic file (type png)
<use figures/university-logo.png>
Package pdftex.def Info: figures/university-logo.png  used on input line 514.
(pdftex.def)             Requested size: 28.4527pt x 28.4527pt.
 [13

]
File: figures/university-logo.png Graphic file (type png)
<use figures/university-logo.png>
Package pdftex.def Info: figures/university-logo.png  used on input line 539.
(pdftex.def)             Requested size: 28.4527pt x 28.4527pt.
 [14

]
File: figures/university-logo.png Graphic file (type png)
<use figures/university-logo.png>
Package pdftex.def Info: figures/university-logo.png  used on input line 597.
(pdftex.def)             Requested size: 28.4527pt x 28.4527pt.
 [15

]
File: figures/university-logo.png Graphic file (type png)
<use figures/university-logo.png>
Package pdftex.def Info: figures/university-logo.png  used on input line 597.
(pdftex.def)             Requested size: 28.4527pt x 28.4527pt.
 [16

]
<_bookdown_files/_main_files/figure-latex/expl-var-types-1.pdf, id=210, 361.35p
t x 252.945pt>
File: _bookdown_files/_main_files/figure-latex/expl-var-types-1.pdf Graphic fil
e (type pdf)
<use _bookdown_files/_main_files/figure-latex/expl-var-types-1.pdf>
Package pdftex.def Info: _bookdown_files/_main_files/figure-latex/expl-var-type
s-1.pdf  used on input line 635.
(pdftex.def)             Requested size: 113.81102pt x 79.6665pt.
<_bookdown_files/_main_files/figure-latex/expl-var-types-2.pdf, id=211, 361.35p
t x 252.945pt>
File: _bookdown_files/_main_files/figure-latex/expl-var-types-2.pdf Graphic fil
e (type pdf)
<use _bookdown_files/_main_files/figure-latex/expl-var-types-2.pdf>
Package pdftex.def Info: _bookdown_files/_main_files/figure-latex/expl-var-type
s-2.pdf  used on input line 635.
(pdftex.def)             Requested size: 113.81102pt x 79.6665pt.
<_bookdown_files/_main_files/figure-latex/expl-var-types-3.pdf, id=212, 361.35p
t x 252.945pt>
File: _bookdown_files/_main_files/figure-latex/expl-var-types-3.pdf Graphic fil
e (type pdf)
<use _bookdown_files/_main_files/figure-latex/expl-var-types-3.pdf>
Package pdftex.def Info: _bookdown_files/_main_files/figure-latex/expl-var-type
s-3.pdf  used on input line 635.
(pdftex.def)             Requested size: 113.81102pt x 79.6665pt.
<_bookdown_files/_main_files/figure-latex/expl-var-types-4.pdf, id=213, 361.35p
t x 252.945pt>
File: _bookdown_files/_main_files/figure-latex/expl-var-types-4.pdf Graphic fil
e (type pdf)
<use _bookdown_files/_main_files/figure-latex/expl-var-types-4.pdf>
Package pdftex.def Info: _bookdown_files/_main_files/figure-latex/expl-var-type
s-4.pdf  used on input line 635.
(pdftex.def)             Requested size: 113.81102pt x 79.6665pt.
File: figures/university-logo.png Graphic file (type png)
<use figures/university-logo.png>
Package pdftex.def Info: figures/university-logo.png  used on input line 635.
(pdftex.def)             Requested size: 28.4527pt x 28.4527pt.
 [17

 <./_bookdown_files/_main_files/figure-latex/expl-var-types-1.pdf> <./_bookdown
_files/_main_files/figure-latex/expl-var-types-2.pdf> <./_bookdown_files/_main_
files/figure-latex/expl-var-types-3.pdf> <./_bookdown_files/_main_files/figure-
latex/expl-var-types-4.pdf>]
<_bookdown_files/_main_files/figure-latex/expl-var-quant-effect-1.pdf, id=257, 
361.35pt x 252.945pt>
File: _bookdown_files/_main_files/figure-latex/expl-var-quant-effect-1.pdf Grap
hic file (type pdf)
<use _bookdown_files/_main_files/figure-latex/expl-var-quant-effect-1.pdf>
Package pdftex.def Info: _bookdown_files/_main_files/figure-latex/expl-var-quan
t-effect-1.pdf  used on input line 673.
(pdftex.def)             Requested size: 113.81102pt x 79.6665pt.
<_bookdown_files/_main_files/figure-latex/expl-var-quant-effect-2.pdf, id=258, 
361.35pt x 252.945pt>
File: _bookdown_files/_main_files/figure-latex/expl-var-quant-effect-2.pdf Grap
hic file (type pdf)
<use _bookdown_files/_main_files/figure-latex/expl-var-quant-effect-2.pdf>
Package pdftex.def Info: _bookdown_files/_main_files/figure-latex/expl-var-quan
t-effect-2.pdf  used on input line 673.
(pdftex.def)             Requested size: 113.81102pt x 79.6665pt.
<_bookdown_files/_main_files/figure-latex/expl-var-quant-effect-3.pdf, id=259, 
361.35pt x 252.945pt>
File: _bookdown_files/_main_files/figure-latex/expl-var-quant-effect-3.pdf Grap
hic file (type pdf)
<use _bookdown_files/_main_files/figure-latex/expl-var-quant-effect-3.pdf>
Package pdftex.def Info: _bookdown_files/_main_files/figure-latex/expl-var-quan
t-effect-3.pdf  used on input line 673.
(pdftex.def)             Requested size: 113.81102pt x 79.6665pt.
<_bookdown_files/_main_files/figure-latex/expl-var-quant-effect-4.pdf, id=260, 
361.35pt x 252.945pt>
File: _bookdown_files/_main_files/figure-latex/expl-var-quant-effect-4.pdf Grap
hic file (type pdf)
<use _bookdown_files/_main_files/figure-latex/expl-var-quant-effect-4.pdf>
Package pdftex.def Info: _bookdown_files/_main_files/figure-latex/expl-var-quan
t-effect-4.pdf  used on input line 673.
(pdftex.def)             Requested size: 113.81102pt x 79.6665pt.
File: figures/university-logo.png Graphic file (type png)
<use figures/university-logo.png>
Package pdftex.def Info: figures/university-logo.png  used on input line 673.
(pdftex.def)             Requested size: 28.4527pt x 28.4527pt.

[18

 <./_bookdown_files/_main_files/figure-latex/expl-var-quant-effect-1.pdf> <./_b
ookdown_files/_main_files/figure-latex/expl-var-quant-effect-2.pdf> <./_bookdow
n_files/_main_files/figure-latex/expl-var-quant-effect-3.pdf> <./_bookdown_file
s/_main_files/figure-latex/expl-var-quant-effect-4.pdf>]
<_bookdown_files/_main_files/figure-latex/resp-var-1.pdf, id=302, 361.35pt x 25
2.945pt>
File: _bookdown_files/_main_files/figure-latex/resp-var-1.pdf Graphic file (typ
e pdf)
<use _bookdown_files/_main_files/figure-latex/resp-var-1.pdf>
Package pdftex.def Info: _bookdown_files/_main_files/figure-latex/resp-var-1.pd
f  used on input line 710.
(pdftex.def)             Requested size: 113.81102pt x 79.6665pt.
<_bookdown_files/_main_files/figure-latex/resp-var-2.pdf, id=303, 361.35pt x 25
2.945pt>
File: _bookdown_files/_main_files/figure-latex/resp-var-2.pdf Graphic file (typ
e pdf)
<use _bookdown_files/_main_files/figure-latex/resp-var-2.pdf>
Package pdftex.def Info: _bookdown_files/_main_files/figure-latex/resp-var-2.pd
f  used on input line 710.
(pdftex.def)             Requested size: 113.81102pt x 79.6665pt.
<_bookdown_files/_main_files/figure-latex/resp-var-3.pdf, id=304, 361.35pt x 25
2.945pt>
File: _bookdown_files/_main_files/figure-latex/resp-var-3.pdf Graphic file (typ
e pdf)
<use _bookdown_files/_main_files/figure-latex/resp-var-3.pdf>
Package pdftex.def Info: _bookdown_files/_main_files/figure-latex/resp-var-3.pd
f  used on input line 710.
(pdftex.def)             Requested size: 113.81102pt x 79.6665pt.
<_bookdown_files/_main_files/figure-latex/resp-var-4.pdf, id=305, 361.35pt x 25
2.945pt>
File: _bookdown_files/_main_files/figure-latex/resp-var-4.pdf Graphic file (typ
e pdf)
<use _bookdown_files/_main_files/figure-latex/resp-var-4.pdf>
Package pdftex.def Info: _bookdown_files/_main_files/figure-latex/resp-var-4.pd
f  used on input line 710.
(pdftex.def)             Requested size: 113.81102pt x 79.6665pt.
File: figures/university-logo.png Graphic file (type png)
<use figures/university-logo.png>
Package pdftex.def Info: figures/university-logo.png  used on input line 710.
(pdftex.def)             Requested size: 28.4527pt x 28.4527pt.
 [19

 <./_bookdown_files/_main_files/figure-latex/resp-var-1.pdf> <./_bookdown_files
/_main_files/figure-latex/resp-var-2.pdf> <./_bookdown_files/_main_files/figure
-latex/resp-var-3.pdf> <./_bookdown_files/_main_files/figure-latex/resp-var-4.p
df>]
<_bookdown_files/_main_files/figure-latex/var-selection-1.pdf, id=348, 469.755p
t x 325.215pt>
File: _bookdown_files/_main_files/figure-latex/var-selection-1.pdf Graphic file
 (type pdf)
<use _bookdown_files/_main_files/figure-latex/var-selection-1.pdf>
Package pdftex.def Info: _bookdown_files/_main_files/figure-latex/var-selection
-1.pdf  used on input line 751.
(pdftex.def)             Requested size: 113.81102pt x 78.79259pt.
<_bookdown_files/_main_files/figure-latex/var-selection-2.pdf, id=349, 469.755p
t x 325.215pt>
File: _bookdown_files/_main_files/figure-latex/var-selection-2.pdf Graphic file
 (type pdf)
<use _bookdown_files/_main_files/figure-latex/var-selection-2.pdf>
Package pdftex.def Info: _bookdown_files/_main_files/figure-latex/var-selection
-2.pdf  used on input line 751.
(pdftex.def)             Requested size: 113.81102pt x 78.79259pt.
<_bookdown_files/_main_files/figure-latex/var-selection-3.pdf, id=350, 469.755p
t x 325.215pt>
File: _bookdown_files/_main_files/figure-latex/var-selection-3.pdf Graphic file
 (type pdf)
<use _bookdown_files/_main_files/figure-latex/var-selection-3.pdf>
Package pdftex.def Info: _bookdown_files/_main_files/figure-latex/var-selection
-3.pdf  used on input line 751.
(pdftex.def)             Requested size: 113.81102pt x 78.79259pt.
<_bookdown_files/_main_files/figure-latex/var-selection-4.pdf, id=351, 469.755p
t x 325.215pt>
File: _bookdown_files/_main_files/figure-latex/var-selection-4.pdf Graphic file
 (type pdf)
<use _bookdown_files/_main_files/figure-latex/var-selection-4.pdf>
Package pdftex.def Info: _bookdown_files/_main_files/figure-latex/var-selection
-4.pdf  used on input line 751.
(pdftex.def)             Requested size: 113.81102pt x 78.79259pt.
File: figures/university-logo.png Graphic file (type png)
<use figures/university-logo.png>
Package pdftex.def Info: figures/university-logo.png  used on input line 751.
(pdftex.def)             Requested size: 28.4527pt x 28.4527pt.
 [20

 <./_bookdown_files/_main_files/figure-latex/var-selection-1.pdf> <./_bookdown_
files/_main_files/figure-latex/var-selection-2.pdf> <./_bookdown_files/_main_fi
les/figure-latex/var-selection-3.pdf> <./_bookdown_files/_main_files/figure-lat
ex/var-selection-4.pdf>]
File: figures/university-logo.png Graphic file (type png)
<use figures/university-logo.png>
Package pdftex.def Info: figures/university-logo.png  used on input line 786.
(pdftex.def)             Requested size: 28.4527pt x 28.4527pt.
 [21

] (presentation.toc)
File: figures/university-logo.png Graphic file (type png)
<use figures/university-logo.png>
Package pdftex.def Info: figures/university-logo.png  used on input line 790.
(pdftex.def)             Requested size: 28.4527pt x 28.4527pt.
 [22

]
Overfull \hbox (14.82375pt too wide) detected at line 832
[] \OT1/cmr/m/n/9 = [] []
 []

File: figures/university-logo.png Graphic file (type png)
<use figures/university-logo.png>
Package pdftex.def Info: figures/university-logo.png  used on input line 832.
(pdftex.def)             Requested size: 28.4527pt x 28.4527pt.
[23

]
<_bookdown_files/_main_files/figure-latex/gam-lambda-1.pdf, id=417, 361.35pt x 
252.945pt>
File: _bookdown_files/_main_files/figure-latex/gam-lambda-1.pdf Graphic file (t
ype pdf)
<use _bookdown_files/_main_files/figure-latex/gam-lambda-1.pdf>
Package pdftex.def Info: _bookdown_files/_main_files/figure-latex/gam-lambda-1.
pdf  used on input line 868.
(pdftex.def)             Requested size: 113.81102pt x 79.6665pt.
<_bookdown_files/_main_files/figure-latex/gam-lambda-2.pdf, id=418, 361.35pt x 
252.945pt>
File: _bookdown_files/_main_files/figure-latex/gam-lambda-2.pdf Graphic file (t
ype pdf)
<use _bookdown_files/_main_files/figure-latex/gam-lambda-2.pdf>
Package pdftex.def Info: _bookdown_files/_main_files/figure-latex/gam-lambda-2.
pdf  used on input line 868.
(pdftex.def)             Requested size: 113.81102pt x 79.6665pt.
<_bookdown_files/_main_files/figure-latex/gam-lambda-3.pdf, id=419, 361.35pt x 
252.945pt>
File: _bookdown_files/_main_files/figure-latex/gam-lambda-3.pdf Graphic file (t
ype pdf)
<use _bookdown_files/_main_files/figure-latex/gam-lambda-3.pdf>
Package pdftex.def Info: _bookdown_files/_main_files/figure-latex/gam-lambda-3.
pdf  used on input line 868.
(pdftex.def)             Requested size: 113.81102pt x 79.6665pt.
<_bookdown_files/_main_files/figure-latex/gam-lambda-4.pdf, id=420, 361.35pt x 
252.945pt>
File: _bookdown_files/_main_files/figure-latex/gam-lambda-4.pdf Graphic file (t
ype pdf)
<use _bookdown_files/_main_files/figure-latex/gam-lambda-4.pdf>
Package pdftex.def Info: _bookdown_files/_main_files/figure-latex/gam-lambda-4.
pdf  used on input line 868.
(pdftex.def)             Requested size: 113.81102pt x 79.6665pt.
File: figures/university-logo.png Graphic file (type png)
<use figures/university-logo.png>
Package pdftex.def Info: figures/university-logo.png  used on input line 868.
(pdftex.def)             Requested size: 28.4527pt x 28.4527pt.
 [24

 <./_bookdown_files/_main_files/figure-latex/gam-lambda-1.pdf> <./_bookdown_fil
es/_main_files/figure-latex/gam-lambda-2.pdf> <./_bookdown_files/_main_files/fi
gure-latex/gam-lambda-3.pdf> <./_bookdown_files/_main_files/figure-latex/gam-la
mbda-4.pdf>] (presentation.toc)
File: figures/university-logo.png Graphic file (type png)
<use figures/university-logo.png>
Package pdftex.def Info: figures/university-logo.png  used on input line 872.
(pdftex.def)             Requested size: 28.4527pt x 28.4527pt.
 [25

]
<_bookdown_files/_main_files/figure-latex/bias-variance-1.pdf, id=476, 469.755p
t x 325.215pt>
File: _bookdown_files/_main_files/figure-latex/bias-variance-1.pdf Graphic file
 (type pdf)
<use _bookdown_files/_main_files/figure-latex/bias-variance-1.pdf>
Package pdftex.def Info: _bookdown_files/_main_files/figure-latex/bias-variance
-1.pdf  used on input line 896.
(pdftex.def)             Requested size: 184.9429pt x 128.03423pt.
File: figures/university-logo.png Graphic file (type png)
<use figures/university-logo.png>
Package pdftex.def Info: figures/university-logo.png  used on input line 896.
(pdftex.def)             Requested size: 28.4527pt x 28.4527pt.
 [26

 <./_bookdown_files/_main_files/figure-latex/bias-variance-1.pdf>]
File: figures/university-logo.png Graphic file (type png)
<use figures/university-logo.png>
Package pdftex.def Info: figures/university-logo.png  used on input line 924.
(pdftex.def)             Requested size: 28.4527pt x 28.4527pt.
 [27

]
<_bookdown_files/_main_files/figure-latex/ridge-lambda-1.pdf, id=493, 404.51125
pt x 226.8475pt>
File: _bookdown_files/_main_files/figure-latex/ridge-lambda-1.pdf Graphic file 
(type pdf)
<use _bookdown_files/_main_files/figure-latex/ridge-lambda-1.pdf>
Package pdftex.def Info: _bookdown_files/_main_files/figure-latex/ridge-lambda-
1.pdf  used on input line 970.
(pdftex.def)             Requested size: 99.58464pt x 55.84637pt.

Overfull \hbox (14.22638pt too wide) in paragraph at lines 970--970
 [][] 
 []

<_bookdown_files/_main_files/figure-latex/ridge-lambda-2.pdf, id=494, 404.51125
pt x 226.8475pt>
File: _bookdown_files/_main_files/figure-latex/ridge-lambda-2.pdf Graphic file 
(type pdf)
<use _bookdown_files/_main_files/figure-latex/ridge-lambda-2.pdf>
Package pdftex.def Info: _bookdown_files/_main_files/figure-latex/ridge-lambda-
2.pdf  used on input line 970.
(pdftex.def)             Requested size: 99.58464pt x 55.84637pt.

Overfull \hbox (14.22638pt too wide) in paragraph at lines 970--970
 [][] 
 []

<_bookdown_files/_main_files/figure-latex/ridge-lambda-3.pdf, id=495, 404.51125
pt x 226.8475pt>
File: _bookdown_files/_main_files/figure-latex/ridge-lambda-3.pdf Graphic file 
(type pdf)
<use _bookdown_files/_main_files/figure-latex/ridge-lambda-3.pdf>
Package pdftex.def Info: _bookdown_files/_main_files/figure-latex/ridge-lambda-
3.pdf  used on input line 970.
(pdftex.def)             Requested size: 99.58464pt x 55.84637pt.

Overfull \hbox (14.22638pt too wide) in paragraph at lines 970--970
 [][] 
 []

<_bookdown_files/_main_files/figure-latex/ridge-lambda-4.pdf, id=496, 404.51125
pt x 226.8475pt>
File: _bookdown_files/_main_files/figure-latex/ridge-lambda-4.pdf Graphic file 
(type pdf)
<use _bookdown_files/_main_files/figure-latex/ridge-lambda-4.pdf>
Package pdftex.def Info: _bookdown_files/_main_files/figure-latex/ridge-lambda-
4.pdf  used on input line 970.
(pdftex.def)             Requested size: 99.58464pt x 55.84637pt.

Overfull \hbox (14.22638pt too wide) in paragraph at lines 970--970
 [][] 
 []

<_bookdown_files/_main_files/figure-latex/ridge-lambda-5.pdf, id=497, 404.51125
pt x 226.8475pt>
File: _bookdown_files/_main_files/figure-latex/ridge-lambda-5.pdf Graphic file 
(type pdf)
<use _bookdown_files/_main_files/figure-latex/ridge-lambda-5.pdf>
Package pdftex.def Info: _bookdown_files/_main_files/figure-latex/ridge-lambda-
5.pdf  used on input line 970.
(pdftex.def)             Requested size: 142.26378pt x 79.78203pt.
File: figures/university-logo.png Graphic file (type png)
<use figures/university-logo.png>
Package pdftex.def Info: figures/university-logo.png  used on input line 970.
(pdftex.def)             Requested size: 28.4527pt x 28.4527pt.
[28

 <./_bookdown_files/_main_files/figure-latex/ridge-lambda-1.pdf> <./_bookdown_f
iles/_main_files/figure-latex/ridge-lambda-2.pdf> <./_bookdown_files/_main_file
s/figure-latex/ridge-lambda-3.pdf> <./_bookdown_files/_main_files/figure-latex/
ridge-lambda-4.pdf> <./_bookdown_files/_main_files/figure-latex/ridge-lambda-5.
pdf>]
File: figures/university-logo.png Graphic file (type png)
<use figures/university-logo.png>
Package pdftex.def Info: figures/university-logo.png  used on input line 998.
(pdftex.def)             Requested size: 28.4527pt x 28.4527pt.
 [29

]
<_bookdown_files/_main_files/figure-latex/lasso-lambda-1.pdf, id=558, 404.51125
pt x 226.8475pt>
File: _bookdown_files/_main_files/figure-latex/lasso-lambda-1.pdf Graphic file 
(type pdf)
<use _bookdown_files/_main_files/figure-latex/lasso-lambda-1.pdf>
Package pdftex.def Info: _bookdown_files/_main_files/figure-latex/lasso-lambda-
1.pdf  used on input line 1043.
(pdftex.def)             Requested size: 99.58464pt x 55.84637pt.

Overfull \hbox (14.22638pt too wide) in paragraph at lines 1043--1043
 [][] 
 []

<_bookdown_files/_main_files/figure-latex/lasso-lambda-2.pdf, id=559, 404.51125
pt x 226.8475pt>
File: _bookdown_files/_main_files/figure-latex/lasso-lambda-2.pdf Graphic file 
(type pdf)
<use _bookdown_files/_main_files/figure-latex/lasso-lambda-2.pdf>
Package pdftex.def Info: _bookdown_files/_main_files/figure-latex/lasso-lambda-
2.pdf  used on input line 1043.
(pdftex.def)             Requested size: 99.58464pt x 55.84637pt.

Overfull \hbox (14.22638pt too wide) in paragraph at lines 1043--1043
 [][] 
 []

<_bookdown_files/_main_files/figure-latex/lasso-lambda-3.pdf, id=560, 404.51125
pt x 226.8475pt>
File: _bookdown_files/_main_files/figure-latex/lasso-lambda-3.pdf Graphic file 
(type pdf)
<use _bookdown_files/_main_files/figure-latex/lasso-lambda-3.pdf>
Package pdftex.def Info: _bookdown_files/_main_files/figure-latex/lasso-lambda-
3.pdf  used on input line 1043.
(pdftex.def)             Requested size: 99.58464pt x 55.84637pt.

Overfull \hbox (14.22638pt too wide) in paragraph at lines 1043--1043
 [][] 
 []

<_bookdown_files/_main_files/figure-latex/lasso-lambda-4.pdf, id=561, 404.51125
pt x 226.8475pt>
File: _bookdown_files/_main_files/figure-latex/lasso-lambda-4.pdf Graphic file 
(type pdf)
<use _bookdown_files/_main_files/figure-latex/lasso-lambda-4.pdf>
Package pdftex.def Info: _bookdown_files/_main_files/figure-latex/lasso-lambda-
4.pdf  used on input line 1043.
(pdftex.def)             Requested size: 99.58464pt x 55.84637pt.

Overfull \hbox (14.22638pt too wide) in paragraph at lines 1043--1043
 [][] 
 []

<_bookdown_files/_main_files/figure-latex/lasso-lambda-5.pdf, id=562, 404.51125
pt x 226.8475pt>
File: _bookdown_files/_main_files/figure-latex/lasso-lambda-5.pdf Graphic file 
(type pdf)
<use _bookdown_files/_main_files/figure-latex/lasso-lambda-5.pdf>
Package pdftex.def Info: _bookdown_files/_main_files/figure-latex/lasso-lambda-
5.pdf  used on input line 1043.
(pdftex.def)             Requested size: 142.26378pt x 79.78203pt.
File: figures/university-logo.png Graphic file (type png)
<use figures/university-logo.png>
Package pdftex.def Info: figures/university-logo.png  used on input line 1043.
(pdftex.def)             Requested size: 28.4527pt x 28.4527pt.
[30

 <./_bookdown_files/_main_files/figure-latex/lasso-lambda-1.pdf> <./_bookdown_f
iles/_main_files/figure-latex/lasso-lambda-2.pdf> <./_bookdown_files/_main_file
s/figure-latex/lasso-lambda-3.pdf> <./_bookdown_files/_main_files/figure-latex/
lasso-lambda-4.pdf> <./_bookdown_files/_main_files/figure-latex/lasso-lambda-5.
pdf>]
File: figures/university-logo.png Graphic file (type png)
<use figures/university-logo.png>
Package pdftex.def Info: figures/university-logo.png  used on input line 1076.
(pdftex.def)             Requested size: 28.4527pt x 28.4527pt.
 [31

] (presentation.toc)
File: figures/university-logo.png Graphic file (type png)
<use figures/university-logo.png>
Package pdftex.def Info: figures/university-logo.png  used on input line 1081.
(pdftex.def)             Requested size: 28.4527pt x 28.4527pt.
 [32

]
<_bookdown_files/_main_files/figure-latex/bayes-normal-1.pdf, id=637, 722.7pt x
 361.35pt>
File: _bookdown_files/_main_files/figure-latex/bayes-normal-1.pdf Graphic file 
(type pdf)
<use _bookdown_files/_main_files/figure-latex/bayes-normal-1.pdf>
Package pdftex.def Info: _bookdown_files/_main_files/figure-latex/bayes-normal-
1.pdf  used on input line 1108.
(pdftex.def)             Requested size: 256.0748pt x 128.03477pt.
File: figures/university-logo.png Graphic file (type png)
<use figures/university-logo.png>
Package pdftex.def Info: figures/university-logo.png  used on input line 1108.
(pdftex.def)             Requested size: 28.4527pt x 28.4527pt.
 [33

 <./_bookdown_files/_main_files/figure-latex/bayes-normal-1.pdf>]
File: figures/university-logo.png Graphic file (type png)
<use figures/university-logo.png>
Package pdftex.def Info: figures/university-logo.png  used on input line 1146.
(pdftex.def)             Requested size: 28.4527pt x 28.4527pt.
 [34

]
File: figures/university-logo.png Graphic file (type png)
<use figures/university-logo.png>
Package pdftex.def Info: figures/university-logo.png  used on input line 1146.
(pdftex.def)             Requested size: 28.4527pt x 28.4527pt.
 [35

]
<_bookdown_files/_main_files/figure-latex/normal-laplace-1.pdf, id=665, 361.35p
t x 252.945pt>
File: _bookdown_files/_main_files/figure-latex/normal-laplace-1.pdf Graphic fil
e (type pdf)
<use _bookdown_files/_main_files/figure-latex/normal-laplace-1.pdf>
Package pdftex.def Info: _bookdown_files/_main_files/figure-latex/normal-laplac
e-1.pdf  used on input line 1183.
(pdftex.def)             Requested size: 113.81102pt x 79.6665pt.
<_bookdown_files/_main_files/figure-latex/normal-laplace-2.pdf, id=666, 361.35p
t x 252.945pt>
File: _bookdown_files/_main_files/figure-latex/normal-laplace-2.pdf Graphic fil
e (type pdf)
<use _bookdown_files/_main_files/figure-latex/normal-laplace-2.pdf>
Package pdftex.def Info: _bookdown_files/_main_files/figure-latex/normal-laplac
e-2.pdf  used on input line 1183.
(pdftex.def)             Requested size: 113.81102pt x 79.6665pt.
<_bookdown_files/_main_files/figure-latex/normal-laplace-3.pdf, id=667, 361.35p
t x 252.945pt>
File: _bookdown_files/_main_files/figure-latex/normal-laplace-3.pdf Graphic fil
e (type pdf)
<use _bookdown_files/_main_files/figure-latex/normal-laplace-3.pdf>
Package pdftex.def Info: _bookdown_files/_main_files/figure-latex/normal-laplac
e-3.pdf  used on input line 1183.
(pdftex.def)             Requested size: 113.81102pt x 79.6665pt.

Overfull \vbox (5.96887pt too high) detected at line 1183
 []

File: figures/university-logo.png Graphic file (type png)
<use figures/university-logo.png>
Package pdftex.def Info: figures/university-logo.png  used on input line 1183.
(pdftex.def)             Requested size: 28.4527pt x 28.4527pt.
[36

 <./_bookdown_files/_main_files/figure-latex/normal-laplace-1.pdf> <./_bookdown
_files/_main_files/figure-latex/normal-laplace-2.pdf> <./_bookdown_files/_main_
files/figure-latex/normal-laplace-3.pdf>]
LaTeX Font Info:    Trying to load font information for U+fontawesometwo on inp
ut line 1244.

("C:\Users\leona\AppData\Local\Programs\MiKTeX 2.9\tex/latex/fontawesome\ufonta
wesometwo.fd"
File: ufontawesometwo.fd 2016/05/22 Font definitions for U/fontawesometwo.
)
File: figures/university-logo.png Graphic file (type png)
<use figures/university-logo.png>
Package pdftex.def Info: figures/university-logo.png  used on input line 1244.
(pdftex.def)             Requested size: 28.4527pt x 28.4527pt.
 [37

]
File: figures/university-logo.png Graphic file (type png)
<use figures/university-logo.png>
Package pdftex.def Info: figures/university-logo.png  used on input line 1244.
(pdftex.def)             Requested size: 28.4527pt x 28.4527pt.
 [38

] (presentation.toc)
File: figures/university-logo.png Graphic file (type png)
<use figures/university-logo.png>
Package pdftex.def Info: figures/university-logo.png  used on input line 1248.
(pdftex.def)             Requested size: 28.4527pt x 28.4527pt.
 [39

]
File: figures/university-logo.png Graphic file (type png)
<use figures/university-logo.png>
Package pdftex.def Info: figures/university-logo.png  used on input line 1284.
(pdftex.def)             Requested size: 28.4527pt x 28.4527pt.
 [40

]
File: figures/university-logo.png Graphic file (type png)
<use figures/university-logo.png>
Package pdftex.def Info: figures/university-logo.png  used on input line 1284.
(pdftex.def)             Requested size: 28.4527pt x 28.4527pt.
 [41

] (presentation.toc)
File: figures/university-logo.png Graphic file (type png)
<use figures/university-logo.png>
Package pdftex.def Info: figures/university-logo.png  used on input line 1288.
(pdftex.def)             Requested size: 28.4527pt x 28.4527pt.

[42

]
LaTeX Font Info:    Trying to load font information for U+fontawesomethree on i
nput line 1342.

("C:\Users\leona\AppData\Local\Programs\MiKTeX 2.9\tex/latex/fontawesome\ufonta
wesomethree.fd"
File: ufontawesomethree.fd 2016/05/22 Font definitions for U/fontawesomethree.
)
File: figures/university-logo.png Graphic file (type png)
<use figures/university-logo.png>
Package pdftex.def Info: figures/university-logo.png  used on input line 1342.
(pdftex.def)             Requested size: 28.4527pt x 28.4527pt.
 [43

]
File: figures/university-logo.png Graphic file (type png)
<use figures/university-logo.png>
Package pdftex.def Info: figures/university-logo.png  used on input line 1342.
(pdftex.def)             Requested size: 28.4527pt x 28.4527pt.
 [44

]
File: figures/university-logo.png Graphic file (type png)
<use figures/university-logo.png>
Package pdftex.def Info: figures/university-logo.png  used on input line 1349.
(pdftex.def)             Requested size: 28.4527pt x 28.4527pt.
 [45

] (presentation.toc)
File: figures/university-logo.png Graphic file (type png)
<use figures/university-logo.png>
Package pdftex.def Info: figures/university-logo.png  used on input line 1359.
(pdftex.def)             Requested size: 28.4527pt x 28.4527pt.
 [46

]
File: figures/university-logo.png Graphic file (type png)
<use figures/university-logo.png>
Package pdftex.def Info: figures/university-logo.png  used on input line 1382.
(pdftex.def)             Requested size: 28.4527pt x 28.4527pt.
 [47

]
File: figures/university-logo.png Graphic file (type png)
<use figures/university-logo.png>
Package pdftex.def Info: figures/university-logo.png  used on input line 1404.
(pdftex.def)             Requested size: 28.4527pt x 28.4527pt.
 [48

]
File: figures/university-logo.png Graphic file (type png)
<use figures/university-logo.png>
Package pdftex.def Info: figures/university-logo.png  used on input line 1432.
(pdftex.def)             Requested size: 28.4527pt x 28.4527pt.
 [49

]
File: figures/university-logo.png Graphic file (type png)
<use figures/university-logo.png>
Package pdftex.def Info: figures/university-logo.png  used on input line 1440.
(pdftex.def)             Requested size: 28.4527pt x 28.4527pt.
 [50

]
File: figures/university-logo.png Graphic file (type png)
<use figures/university-logo.png>
Package pdftex.def Info: figures/university-logo.png  used on input line 1447.
(pdftex.def)             Requested size: 28.4527pt x 28.4527pt.

[51

]
\tf@nav=\write6
\openout6 = `presentation.nav'.

\tf@toc=\write7
\openout7 = `presentation.toc'.

\tf@snm=\write8
\openout8 = `presentation.snm'.

 (presentation.aux)
Package rerunfilecheck Info: File `presentation.out' has not changed.
(rerunfilecheck)             Checksum: 02D2A17C306023B39DB6537C952C2BD8;705.
 ) 
Here is how much of TeX's memory you used:
 42631 strings out of 479765
 1037396 string characters out of 2866191
 1413633 words of memory out of 3000000
 58608 multiletter control sequences out of 15000+200000
 560962 words of font info for 98 fonts, out of 3000000 for 9000
 1141 hyphenation exceptions out of 8191
 125i,22n,126p,733b,1549s stack positions out of 5000i,500n,10000p,200000b,50000s
 <C:\Users\leona\AppData\Local\MiKTeX\2.9\fonts/pk/ljfour/jknappen/ec/dpi600\
ecsx0900.pk>{C:/Users/leona/AppData/Local/Programs/MiKTeX 2.9/fonts/enc/dvips/f
ontawesome/fontawesomethree.enc}{C:/Users/leona/AppData/Local/Programs/MiKTeX 2
.9/fonts/enc/dvips/fontawesome/fontawesometwo.enc} <C:\Users\leona\AppData\Loca
l\MiKTeX\2.9\fonts/pk/ljfour/jknappen/ec/dpi600\ecss0600.pk> <C:\Users\leona\Ap
pData\Local\MiKTeX\2.9\fonts/pk/ljfour/jknappen/ec/dpi600\ecrm0900.pk> <C:\User
s\leona\AppData\Local\MiKTeX\2.9\fonts/pk/ljfour/jknappen/ec/dpi600\ecrm0600.pk
> <C:\Users\leona\AppData\Local\MiKTeX\2.9\fonts/pk/ljfour/jknappen/ec/dpi600\e
csi0900.pk> <C:\Users\leona\AppData\Local\MiKTeX\2.9\fonts/pk/ljfour/jknappen/e
c/dpi600\ecss0900.pk> <C:\Users\leona\AppData\Local\MiKTeX\2.9\fonts/pk/ljfour/
jknappen/ec/dpi600\ecsx1095.pk> <C:\Users\leona\AppData\Local\MiKTeX\2.9\fonts/
pk/ljfour/jknappen/ec/dpi600\ecss1200.pk> <C:\Users\leona\AppData\Local\MiKTeX\
2.9\fonts/pk/ljfour/jknappen/ec/dpi600\ecss0800.pk> <C:\Users\leona\AppData\Loc
al\MiKTeX\2.9\fonts/pk/ljfour/jknappen/ec/dpi600\ecss1095.pk> <C:\Users\leona\A
ppData\Local\MiKTeX\2.9\fonts/pk/ljfour/jknappen/ec/dpi600\ecss1440.pk><C:/User
s/leona/AppData/Local/Programs/MiKTeX 2.9/fonts/type1/public/fontawesome/FontAw
esome.pfb><C:/Users/leona/AppData/Local/Programs/MiKTeX 2.9/fonts/type1/public/
amsfonts/cm/cmbx9.pfb><C:/Users/leona/AppData/Local/Programs/MiKTeX 2.9/fonts/t
ype1/public/amsfonts/cmextra/cmex9.pfb><C:/Users/leona/AppData/Local/Programs/M
iKTeX 2.9/fonts/type1/public/amsfonts/cm/cmmi10.pfb><C:/Users/leona/AppData/Loc
al/Programs/MiKTeX 2.9/fonts/type1/public/amsfonts/cm/cmmi5.pfb><C:/Users/leona
/AppData/Local/Programs/MiKTeX 2.9/fonts/type1/public/amsfonts/cm/cmmi6.pfb><C:
/Users/leona/AppData/Local/Programs/MiKTeX 2.9/fonts/type1/public/amsfonts/cm/c
mmi8.pfb><C:/Users/leona/AppData/Local/Programs/MiKTeX 2.9/fonts/type1/public/a
msfonts/cm/cmmi9.pfb><C:/Users/leona/AppData/Local/Programs/MiKTeX 2.9/fonts/ty
pe1/public/amsfonts/cm/cmmib10.pfb><C:/Users/leona/AppData/Local/Programs/MiKTe
X 2.9/fonts/type1/public/amsfonts/cmextra/cmmib6.pfb><C:/Users/leona/AppData/Lo
cal/Programs/MiKTeX 2.9/fonts/type1/public/amsfonts/cmextra/cmmib9.pfb><C:/User
s/leona/AppData/Local/Programs/MiKTeX 2.9/fonts/type1/public/amsfonts/cm/cmr10.
pfb><C:/Users/leona/AppData/Local/Programs/MiKTeX 2.9/fonts/type1/public/amsfon
ts/cm/cmr5.pfb><C:/Users/leona/AppData/Local/Programs/MiKTeX 2.9/fonts/type1/pu
blic/amsfonts/cm/cmr6.pfb><C:/Users/leona/AppData/Local/Programs/MiKTeX 2.9/fon
ts/type1/public/amsfonts/cm/cmr8.pfb><C:/Users/leona/AppData/Local/Programs/MiK
TeX 2.9/fonts/type1/public/amsfonts/cm/cmr9.pfb><C:/Users/leona/AppData/Local/P
rograms/MiKTeX 2.9/fonts/type1/public/amsfonts/cm/cmsy10.pfb><C:/Users/leona/Ap
pData/Local/Programs/MiKTeX 2.9/fonts/type1/public/amsfonts/cm/cmsy6.pfb><C:/Us
ers/leona/AppData/Local/Programs/MiKTeX 2.9/fonts/type1/public/amsfonts/cm/cmsy
8.pfb><C:/Users/leona/AppData/Local/Programs/MiKTeX 2.9/fonts/type1/public/amsf
onts/cm/cmsy9.pfb><C:/Users/leona/AppData/Local/Programs/MiKTeX 2.9/fonts/type1
/public/amsfonts/symbols/msbm10.pfb><C:/Users/leona/AppData/Local/Programs/MiKT
eX 2.9/fonts/type1/public/amsfonts/symbols/msbm7.pfb>
Output written on presentation.pdf (51 pages, 1099117 bytes).
PDF statistics:
 1263 PDF objects out of 1440 (max. 8388607)
 115 named destinations out of 1000 (max. 500000)
 305 words of extra memory for PDF output out of 10000 (max. 10000000)

